Using pre-set license
Built from '2021.3/staging' branch; Version is '2021.3.19f1 (c9714fde33b6) revision 13201743'; Using compiler version '192829333'; Build Type 'Release'
OS: 'Windows 10  (10.0.19045) 64bit Professional' Language: 'ko' Physical Memory: 16194 MB
BatchMode: 1, IsHumanControllingUs: 0, StartBugReporterOnCrash: 0, Is64bit: 1, IsPro: 1

COMMAND LINE ARGUMENTS:
C:\Program Files\Unity\Hub\Editor\2021.3.19f1\Editor\Unity.exe
-adb2
-batchMode
-noUpm
-name
AssetImportWorker0
-projectPath
C:/Users/SGA/Desktop/Unity3D_FPSPrototype/Unity3D_FPS
-logFile
Logs/AssetImportWorker0.log
-srvPort
49955
Successfully changed project path to: C:/Users/SGA/Desktop/Unity3D_FPSPrototype/Unity3D_FPS
C:/Users/SGA/Desktop/Unity3D_FPSPrototype/Unity3D_FPS
[UnityMemory] Configuration Parameters - Can be set up in boot.config
    "memorysetup-bucket-allocator-granularity=16"
    "memorysetup-bucket-allocator-bucket-count=8"
    "memorysetup-bucket-allocator-block-size=33554432"
    "memorysetup-bucket-allocator-block-count=8"
    "memorysetup-main-allocator-block-size=16777216"
    "memorysetup-thread-allocator-block-size=16777216"
    "memorysetup-gfx-main-allocator-block-size=16777216"
    "memorysetup-gfx-thread-allocator-block-size=16777216"
    "memorysetup-cache-allocator-block-size=4194304"
    "memorysetup-typetree-allocator-block-size=2097152"
    "memorysetup-profiler-bucket-allocator-granularity=16"
    "memorysetup-profiler-bucket-allocator-bucket-count=8"
    "memorysetup-profiler-bucket-allocator-block-size=33554432"
    "memorysetup-profiler-bucket-allocator-block-count=8"
    "memorysetup-profiler-allocator-block-size=16777216"
    "memorysetup-profiler-editor-allocator-block-size=1048576"
    "memorysetup-temp-allocator-size-main=16777216"
    "memorysetup-job-temp-allocator-block-size=2097152"
    "memorysetup-job-temp-allocator-block-size-background=1048576"
    "memorysetup-job-temp-allocator-reduction-small-platforms=262144"
    "memorysetup-temp-allocator-size-background-worker=32768"
    "memorysetup-temp-allocator-size-job-worker=262144"
    "memorysetup-temp-allocator-size-preload-manager=33554432"
    "memorysetup-temp-allocator-size-nav-mesh-worker=65536"
    "memorysetup-temp-allocator-size-audio-worker=65536"
    "memorysetup-temp-allocator-size-cloud-worker=32768"
    "memorysetup-temp-allocator-size-gi-baking-worker=262144"
    "memorysetup-temp-allocator-size-gfx=262144"
Player connection [17272] Host "[IP] 192.168.0.178 [Port] 0 [Flags] 2 [Guid] 1471667012 [EditorId] 1471667012 [Version] 1048832 [Id] WindowsEditor(7,DESKTOP-HQKDT44) [Debug] 1 [PackageName] WindowsEditor [ProjectName] Editor" joined multi-casting on [225.0.0.222:54997]...

Player connection [17272] Host "[IP] 192.168.0.178 [Port] 0 [Flags] 2 [Guid] 1471667012 [EditorId] 1471667012 [Version] 1048832 [Id] WindowsEditor(7,DESKTOP-HQKDT44) [Debug] 1 [PackageName] WindowsEditor [ProjectName] Editor" joined alternative multi-casting on [225.0.0.222:34997]...

Refreshing native plugins compatible for Editor in 53.23 ms, found 3 plugins.
Preloading 0 native plugins for Editor in 0.00 ms.
Initialize engine version: 2021.3.19f1 (c9714fde33b6)
[Subsystems] Discovering subsystems at path C:/Program Files/Unity/Hub/Editor/2021.3.19f1/Editor/Data/Resources/UnitySubsystems
[Subsystems] Discovering subsystems at path C:/Users/SGA/Desktop/Unity3D_FPSPrototype/Unity3D_FPS/Assets
GfxDevice: creating device client; threaded=0; jobified=0
Direct3D:
    Version:  Direct3D 11.0 [level 11.1]
    Renderer: NVIDIA GeForce GTX 1650 (ID=0x1f82)
    Vendor:   NVIDIA
    VRAM:     3949 MB
    Driver:   31.0.15.3179
Initialize mono
Mono path[0] = 'C:/Program Files/Unity/Hub/Editor/2021.3.19f1/Editor/Data/Managed'
Mono path[1] = 'C:/Program Files/Unity/Hub/Editor/2021.3.19f1/Editor/Data/MonoBleedingEdge/lib/mono/unityjit-win32'
Mono config path = 'C:/Program Files/Unity/Hub/Editor/2021.3.19f1/Editor/Data/MonoBleedingEdge/etc'
Using monoOptions --debugger-agent=transport=dt_socket,embedding=1,server=y,suspend=n,address=127.0.0.1:56708
Begin MonoManager ReloadAssembly
Registering precompiled unity dll's ...
Register platform support module: C:/Program Files/Unity/Hub/Editor/2021.3.19f1/Editor/Data/PlaybackEngines/WebGLSupport/UnityEditor.WebGL.Extensions.dll
Register platform support module: C:/Program Files/Unity/Hub/Editor/2021.3.19f1/Editor/Data/PlaybackEngines/WindowsStandaloneSupport/UnityEditor.WindowsStandalone.Extensions.dll
Registered in 0.004744 seconds.
Native extension for WindowsStandalone target not found
Native extension for WebGL target not found
Refreshing native plugins compatible for Editor in 50.37 ms, found 3 plugins.
Preloading 0 native plugins for Editor in 0.00 ms.
Mono: successfully reloaded assembly
- Completed reload, in  0.431 seconds
Domain Reload Profiling:
	ReloadAssembly (432ms)
		BeginReloadAssembly (50ms)
			ExecutionOrderSort (0ms)
			DisableScriptedObjects (0ms)
			BackupInstance (0ms)
			ReleaseScriptingObjects (0ms)
			CreateAndSetChildDomain (1ms)
		EndReloadAssembly (302ms)
			LoadAssemblies (49ms)
			RebuildTransferFunctionScriptingTraits (0ms)
			SetupTypeCache (70ms)
			ReleaseScriptCaches (0ms)
			RebuildScriptCaches (18ms)
			SetupLoadedEditorAssemblies (178ms)
				LogAssemblyErrors (0ms)
				InitializePlatformSupportModulesInManaged (6ms)
				SetLoadedEditorAssemblies (0ms)
				RefreshPlugins (50ms)
				BeforeProcessingInitializeOnLoad (1ms)
				ProcessInitializeOnLoadAttributes (83ms)
				ProcessInitializeOnLoadMethodAttributes (37ms)
				AfterProcessingInitializeOnLoad (0ms)
				EditorAssembliesLoaded (0ms)
			ExecutionOrderSort2 (0ms)
			AwakeInstancesAfterBackupRestoration (0ms)
Platform modules already initialized, skipping
Registering precompiled user dll's ...
Registered in 0.003290 seconds.
Begin MonoManager ReloadAssembly
Symbol file LoadedFromMemory doesn't match image C:\Users\SGA\Desktop\Unity3D_FPSPrototype\Unity3D_FPS\Library\PackageCache\com.unity.visualscripting@1.8.0\Editor\VisualScripting.Core\Dependencies\YamlDotNet\Unity.VisualScripting.YamlDotNet.dll
Symbol file LoadedFromMemory doesn't match image C:\Users\SGA\Desktop\Unity3D_FPSPrototype\Unity3D_FPS\Library\PackageCache\com.unity.visualscripting@1.8.0\Editor\VisualScripting.Core\Dependencies\DotNetZip\Unity.VisualScripting.IonicZip.dll
Native extension for WindowsStandalone target not found
Native extension for WebGL target not found
Refreshing native plugins compatible for Editor in 0.40 ms, found 3 plugins.
Preloading 0 native plugins for Editor in 0.00 ms.
Mono: successfully reloaded assembly
- Completed reload, in  0.683 seconds
Domain Reload Profiling:
	ReloadAssembly (683ms)
		BeginReloadAssembly (76ms)
			ExecutionOrderSort (0ms)
			DisableScriptedObjects (4ms)
			BackupInstance (0ms)
			ReleaseScriptingObjects (0ms)
			CreateAndSetChildDomain (15ms)
		EndReloadAssembly (526ms)
			LoadAssemblies (54ms)
			RebuildTransferFunctionScriptingTraits (0ms)
			SetupTypeCache (178ms)
			ReleaseScriptCaches (0ms)
			RebuildScriptCaches (33ms)
			SetupLoadedEditorAssemblies (233ms)
				LogAssemblyErrors (0ms)
				InitializePlatformSupportModulesInManaged (5ms)
				SetLoadedEditorAssemblies (0ms)
				RefreshPlugins (0ms)
				BeforeProcessingInitializeOnLoad (54ms)
				ProcessInitializeOnLoadAttributes (155ms)
				ProcessInitializeOnLoadMethodAttributes (14ms)
				AfterProcessingInitializeOnLoad (4ms)
				EditorAssembliesLoaded (0ms)
			ExecutionOrderSort2 (0ms)
			AwakeInstancesAfterBackupRestoration (4ms)
Platform modules already initialized, skipping
========================================================================
Worker process is ready to serve import requests
Launched and connected shader compiler UnityShaderCompiler.exe after 0.02 seconds
Refreshing native plugins compatible for Editor in 0.60 ms, found 3 plugins.
Preloading 0 native plugins for Editor in 0.00 ms.
Unloading 3090 Unused Serialized files (Serialized files now loaded: 0)
Unloading 24 unused Assets / (113.9 KB). Loaded Objects now: 3553.
Memory consumption went from 115.4 MB to 115.2 MB.
Total: 2.112500 ms (FindLiveObjects: 0.169500 ms CreateObjectMapping: 0.077400 ms MarkObjects: 1.775800 ms  DeleteObjects: 0.089200 ms)

AssetImportParameters requested are different than current active one (requested -> active):
  custom:video-decoder-ogg-theora: a1e56fd34408186e4bbccfd4996cb3dc -> 
  custom:container-muxer-webm: aa71ff27fc2769a1b78a27578f13a17b -> 
  custom:container-demuxer-webm: 4f35f7cbe854078d1ac9338744f61a02 -> 
  custom:video-encoder-webm-vp8: eb34c28f22e8b96e1ab97ce403110664 -> 
  custom:audio-encoder-webm-vorbis: bf7c407c2cedff20999df2af8eb42d56 -> 
  custom:framework-win-MediaFoundation: 216162199b28c13a410421893ffa2e32 -> 
  custom:container-demuxer-ogg: 62fdf1f143b41e24485cea50d1cbac27 -> 
  custom:video-decoder-webm-vp8: 9c59270c3fd7afecdb556c50c9e8de78 -> 
  custom:audio-decoder-ogg-vorbis: bf7c407c2cedff20999df2af8eb42d56 -> 
========================================================================
Received Import Request.
  Time since last request: 757.617197 seconds.
  path: ProjectSettings/TagManager.asset
  artifactKey: Guid(00000000000000003000000000000000) Importer(815301076,1909f56bfc062723c751e8b465ee728b)
Start importing ProjectSettings/TagManager.asset using Guid(00000000000000003000000000000000) Importer(815301076,1909f56bfc062723c751e8b465ee728b)  -> (artifact id: '4263f48e125c584ae9ecc51b1771d87d') in 0.027686 seconds 
========================================================================
Received Import Request.
  Time since last request: 90.440637 seconds.
  path: Assets/Prefabs/NormalBarrel.prefab
  artifactKey: Guid(2fa587eb6613b0f4189c3a9d2168b776) Importer(815301076,1909f56bfc062723c751e8b465ee728b)
Start importing Assets/Prefabs/NormalBarrel.prefab using Guid(2fa587eb6613b0f4189c3a9d2168b776) Importer(815301076,1909f56bfc062723c751e8b465ee728b)  -> (artifact id: '6db91e5499b92b2822e46e21184d9633') in 0.062928 seconds 
========================================================================
Received Import Request.
  Time since last request: 46.137741 seconds.
  path: Assets/Prefabs/Effect/ImpactNormal 1.prefab
  artifactKey: Guid(091d9c0ef5220254ab821707dbc4ac21) Importer(815301076,1909f56bfc062723c751e8b465ee728b)
Start importing Assets/Prefabs/Effect/ImpactNormal 1.prefab using Guid(091d9c0ef5220254ab821707dbc4ac21) Importer(815301076,1909f56bfc062723c751e8b465ee728b)  -> (artifact id: 'f9938a86ca7f9a3360c11a68400a3d50') in 0.017146 seconds 
========================================================================
Received Import Request.
  Time since last request: 126.195524 seconds.
  path: Assets/Scripts/Impact/ImpactMemoryPool.cs
  artifactKey: Guid(b63273dd954379a4687ea6ab833a656c) Importer(815301076,1909f56bfc062723c751e8b465ee728b)
Start importing Assets/Scripts/Impact/ImpactMemoryPool.cs using Guid(b63273dd954379a4687ea6ab833a656c) Importer(815301076,1909f56bfc062723c751e8b465ee728b)  -> (artifact id: '82f9a37c3d4140ce96b51e8bc07c4377') in 0.010443 seconds 
========================================================================
Received Import Request.
  Time since last request: 14.018333 seconds.
  path: Assets/Scripts/Impact/ImpactMemoryPool.cs
  artifactKey: Guid(b63273dd954379a4687ea6ab833a656c) Importer(815301076,1909f56bfc062723c751e8b465ee728b)
Start importing Assets/Scripts/Impact/ImpactMemoryPool.cs using Guid(b63273dd954379a4687ea6ab833a656c) Importer(815301076,1909f56bfc062723c751e8b465ee728b)  -> (artifact id: '4a7b4e8016317411d2a506e46d7963e7') in 0.001563 seconds 
========================================================================
Received Import Request.
  Time since last request: 1.045805 seconds.
  path: Assets/Scripts/Impact/ImpactMemoryPool.cs
  artifactKey: Guid(b63273dd954379a4687ea6ab833a656c) Importer(815301076,1909f56bfc062723c751e8b465ee728b)
Start importing Assets/Scripts/Impact/ImpactMemoryPool.cs using Guid(b63273dd954379a4687ea6ab833a656c) Importer(815301076,1909f56bfc062723c751e8b465ee728b)  -> (artifact id: 'a44f6a4a724f3bec5874e31b7b61653b') in 0.001636 seconds 
========================================================================
Received Import Request.
  Time since last request: 24.591653 seconds.
  path: Assets/Scripts/Impact/ImpactMemoryPool.cs
  artifactKey: Guid(b63273dd954379a4687ea6ab833a656c) Importer(815301076,1909f56bfc062723c751e8b465ee728b)
Start importing Assets/Scripts/Impact/ImpactMemoryPool.cs using Guid(b63273dd954379a4687ea6ab833a656c) Importer(815301076,1909f56bfc062723c751e8b465ee728b)  -> (artifact id: '838c51db0f0fec84cfc4d338bec6b3c7') in 0.001543 seconds 
========================================================================
Received Import Request.
  Time since last request: 2.642545 seconds.
  path: Assets/Scripts/Impact/ImpactMemoryPool.cs
  artifactKey: Guid(b63273dd954379a4687ea6ab833a656c) Importer(815301076,1909f56bfc062723c751e8b465ee728b)
Start importing Assets/Scripts/Impact/ImpactMemoryPool.cs using Guid(b63273dd954379a4687ea6ab833a656c) Importer(815301076,1909f56bfc062723c751e8b465ee728b)  -> (artifact id: '0b48fc5a874ed5fead6dc59fc6c8f39b') in 0.001885 seconds 
========================================================================
Received Import Request.
  Time since last request: 41.815456 seconds.
  path: Assets/Scripts/Impact/ImpactMemoryPool.cs
  artifactKey: Guid(b63273dd954379a4687ea6ab833a656c) Importer(815301076,1909f56bfc062723c751e8b465ee728b)
Start importing Assets/Scripts/Impact/ImpactMemoryPool.cs using Guid(b63273dd954379a4687ea6ab833a656c) Importer(815301076,1909f56bfc062723c751e8b465ee728b)  -> (artifact id: '8982a2f80116c319e2bb3fa0ad45e11c') in 0.001614 seconds 
========================================================================
Received Import Request.
  Time since last request: 12.179278 seconds.
  path: Assets/Scripts/Impact/ImpactMemoryPool.cs
  artifactKey: Guid(b63273dd954379a4687ea6ab833a656c) Importer(815301076,1909f56bfc062723c751e8b465ee728b)
Start importing Assets/Scripts/Impact/ImpactMemoryPool.cs using Guid(b63273dd954379a4687ea6ab833a656c) Importer(815301076,1909f56bfc062723c751e8b465ee728b)  -> (artifact id: 'c14320e1e3e38b2ac649e71a75afad7b') in 0.001508 seconds 
========================================================================
Received Import Request.
  Time since last request: 5.455891 seconds.
  path: Assets/Scripts/Impact/ImpactMemoryPool.cs
  artifactKey: Guid(b63273dd954379a4687ea6ab833a656c) Importer(815301076,1909f56bfc062723c751e8b465ee728b)
Start importing Assets/Scripts/Impact/ImpactMemoryPool.cs using Guid(b63273dd954379a4687ea6ab833a656c) Importer(815301076,1909f56bfc062723c751e8b465ee728b)  -> (artifact id: 'bebe7c894859591e4027c07f95fb6b23') in 0.001555 seconds 
========================================================================
Received Import Request.
  Time since last request: 49.331581 seconds.
  path: Assets/Scripts/Impact/ImpactMemoryPool.cs
  artifactKey: Guid(b63273dd954379a4687ea6ab833a656c) Importer(815301076,1909f56bfc062723c751e8b465ee728b)
Start importing Assets/Scripts/Impact/ImpactMemoryPool.cs using Guid(b63273dd954379a4687ea6ab833a656c) Importer(815301076,1909f56bfc062723c751e8b465ee728b)  -> (artifact id: '7df13606a6a6e143124bfd71c54d7e82') in 0.001590 seconds 
========================================================================
Received Import Request.
  Time since last request: 1.438454 seconds.
  path: Assets/Scripts/Impact/ImpactMemoryPool.cs
  artifactKey: Guid(b63273dd954379a4687ea6ab833a656c) Importer(815301076,1909f56bfc062723c751e8b465ee728b)
Start importing Assets/Scripts/Impact/ImpactMemoryPool.cs using Guid(b63273dd954379a4687ea6ab833a656c) Importer(815301076,1909f56bfc062723c751e8b465ee728b)  -> (artifact id: 'da229a0a8e4f549cb4f5265e2f1981bd') in 0.001479 seconds 
========================================================================
Received Import Request.
  Time since last request: 35.593516 seconds.
  path: Assets/Scripts/Impact/ImpactMemoryPool.cs
  artifactKey: Guid(b63273dd954379a4687ea6ab833a656c) Importer(815301076,1909f56bfc062723c751e8b465ee728b)
Start importing Assets/Scripts/Impact/ImpactMemoryPool.cs using Guid(b63273dd954379a4687ea6ab833a656c) Importer(815301076,1909f56bfc062723c751e8b465ee728b)  -> (artifact id: 'bd2a800f184a02d88694bd1ef0f3f970') in 0.001766 seconds 
========================================================================
Received Import Request.
  Time since last request: 30.292083 seconds.
  path: Assets/Scripts/Impact/ImpactMemoryPool.cs
  artifactKey: Guid(b63273dd954379a4687ea6ab833a656c) Importer(815301076,1909f56bfc062723c751e8b465ee728b)
Start importing Assets/Scripts/Impact/ImpactMemoryPool.cs using Guid(b63273dd954379a4687ea6ab833a656c) Importer(815301076,1909f56bfc062723c751e8b465ee728b)  -> (artifact id: '604a07b51ad32c69be6ee4ebc4dba70d') in 0.001676 seconds 
========================================================================
Received Import Request.
  Time since last request: 10.833830 seconds.
  path: Assets/Scripts/Impact/ImpactMemoryPool.cs
  artifactKey: Guid(b63273dd954379a4687ea6ab833a656c) Importer(815301076,1909f56bfc062723c751e8b465ee728b)
Start importing Assets/Scripts/Impact/ImpactMemoryPool.cs using Guid(b63273dd954379a4687ea6ab833a656c) Importer(815301076,1909f56bfc062723c751e8b465ee728b)  -> (artifact id: 'b110c0ba33f6f702e96c015e4ca3c1df') in 0.001623 seconds 
========================================================================
Received Import Request.
  Time since last request: 72.932494 seconds.
  path: Assets/Scripts/Impact/ImpactMemoryPool.cs
  artifactKey: Guid(b63273dd954379a4687ea6ab833a656c) Importer(815301076,1909f56bfc062723c751e8b465ee728b)
Start importing Assets/Scripts/Impact/ImpactMemoryPool.cs using Guid(b63273dd954379a4687ea6ab833a656c) Importer(815301076,1909f56bfc062723c751e8b465ee728b)  -> (artifact id: 'd5995980403b2cf78c3c44695cc1cceb') in 0.001589 seconds 
========================================================================
Received Import Request.
  Time since last request: 54.514630 seconds.
  path: Assets/Scripts/Impact/ImpactMemoryPool.cs
  artifactKey: Guid(b63273dd954379a4687ea6ab833a656c) Importer(815301076,1909f56bfc062723c751e8b465ee728b)
Start importing Assets/Scripts/Impact/ImpactMemoryPool.cs using Guid(b63273dd954379a4687ea6ab833a656c) Importer(815301076,1909f56bfc062723c751e8b465ee728b)  -> (artifact id: '39b01dcaea54555ce3091f1627b1b955') in 0.001612 seconds 
========================================================================
Received Import Request.
  Time since last request: 17.591746 seconds.
  path: Assets/Scripts/Impact/ImpactMemoryPool.cs
  artifactKey: Guid(b63273dd954379a4687ea6ab833a656c) Importer(815301076,1909f56bfc062723c751e8b465ee728b)
Start importing Assets/Scripts/Impact/ImpactMemoryPool.cs using Guid(b63273dd954379a4687ea6ab833a656c) Importer(815301076,1909f56bfc062723c751e8b465ee728b)  -> (artifact id: 'b4dcf09becc44763cd9786ce90b23eec') in 0.001509 seconds 
========================================================================
Received Import Request.
  Time since last request: 8.658793 seconds.
  path: Assets/Scripts/Impact/ImpactMemoryPool.cs
  artifactKey: Guid(b63273dd954379a4687ea6ab833a656c) Importer(815301076,1909f56bfc062723c751e8b465ee728b)
Start importing Assets/Scripts/Impact/ImpactMemoryPool.cs using Guid(b63273dd954379a4687ea6ab833a656c) Importer(815301076,1909f56bfc062723c751e8b465ee728b)  -> (artifact id: 'c66afb35eadcb89e95295c2209c529b5') in 0.001518 seconds 
========================================================================
Received Import Request.
  Time since last request: 19.150770 seconds.
  path: Assets/Scripts/Impact/ImpactMemoryPool.cs
  artifactKey: Guid(b63273dd954379a4687ea6ab833a656c) Importer(815301076,1909f56bfc062723c751e8b465ee728b)
Start importing Assets/Scripts/Impact/ImpactMemoryPool.cs using Guid(b63273dd954379a4687ea6ab833a656c) Importer(815301076,1909f56bfc062723c751e8b465ee728b)  -> (artifact id: 'a4c2896cabf63ac4a07df005faaba5ee') in 0.001773 seconds 
========================================================================
Received Import Request.
  Time since last request: 24.843690 seconds.
  path: Assets/Scripts/Impact/ImpactMemoryPool.cs
  artifactKey: Guid(b63273dd954379a4687ea6ab833a656c) Importer(815301076,1909f56bfc062723c751e8b465ee728b)
Start importing Assets/Scripts/Impact/ImpactMemoryPool.cs using Guid(b63273dd954379a4687ea6ab833a656c) Importer(815301076,1909f56bfc062723c751e8b465ee728b)  -> (artifact id: '974598f72bb55229413b4e80c4cfb161') in 0.001556 seconds 
========================================================================
Received Import Request.
  Time since last request: 2.849202 seconds.
  path: Assets/Scripts/Impact/ImpactMemoryPool.cs
  artifactKey: Guid(b63273dd954379a4687ea6ab833a656c) Importer(815301076,1909f56bfc062723c751e8b465ee728b)
Start importing Assets/Scripts/Impact/ImpactMemoryPool.cs using Guid(b63273dd954379a4687ea6ab833a656c) Importer(815301076,1909f56bfc062723c751e8b465ee728b)  -> (artifact id: 'ddc949589417f9bdc95a4ca1ba4cd255') in 0.001576 seconds 
========================================================================
Received Import Request.
  Time since last request: 33.762299 seconds.
  path: Assets/Scripts/Impact/ImpactMemoryPool.cs
  artifactKey: Guid(b63273dd954379a4687ea6ab833a656c) Importer(815301076,1909f56bfc062723c751e8b465ee728b)
Start importing Assets/Scripts/Impact/ImpactMemoryPool.cs using Guid(b63273dd954379a4687ea6ab833a656c) Importer(815301076,1909f56bfc062723c751e8b465ee728b)  -> (artifact id: 'befef91d5fbb085e5b69782c2e821c79') in 0.001733 seconds 
========================================================================
Received Import Request.
  Time since last request: 15.226239 seconds.
  path: Assets/Scripts/Impact/ImpactMemoryPool.cs
  artifactKey: Guid(b63273dd954379a4687ea6ab833a656c) Importer(815301076,1909f56bfc062723c751e8b465ee728b)
Start importing Assets/Scripts/Impact/ImpactMemoryPool.cs using Guid(b63273dd954379a4687ea6ab833a656c) Importer(815301076,1909f56bfc062723c751e8b465ee728b)  -> (artifact id: '0be87432e8e21dbd7e36a8eb33a6e328') in 0.001659 seconds 
========================================================================
Received Import Request.
  Time since last request: 1.072605 seconds.
  path: Assets/Scripts/Impact/ImpactMemoryPool.cs
  artifactKey: Guid(b63273dd954379a4687ea6ab833a656c) Importer(815301076,1909f56bfc062723c751e8b465ee728b)
Start importing Assets/Scripts/Impact/ImpactMemoryPool.cs using Guid(b63273dd954379a4687ea6ab833a656c) Importer(815301076,1909f56bfc062723c751e8b465ee728b)  -> (artifact id: 'd7fce82c7942b8d88162a6c0f1e4f61b') in 0.001556 seconds 
========================================================================
Received Prepare
Registering precompiled user dll's ...
Registered in 0.002804 seconds.
Begin MonoManager ReloadAssembly
Symbol file LoadedFromMemory doesn't match image C:\Users\SGA\Desktop\Unity3D_FPSPrototype\Unity3D_FPS\Library\PackageCache\com.unity.visualscripting@1.8.0\Editor\VisualScripting.Core\Dependencies\YamlDotNet\Unity.VisualScripting.YamlDotNet.dll
Symbol file LoadedFromMemory doesn't match image C:\Users\SGA\Desktop\Unity3D_FPSPrototype\Unity3D_FPS\Library\PackageCache\com.unity.visualscripting@1.8.0\Editor\VisualScripting.Core\Dependencies\DotNetZip\Unity.VisualScripting.IonicZip.dll
Native extension for WindowsStandalone target not found
Native extension for WebGL target not found
Refreshing native plugins compatible for Editor in 0.48 ms, found 3 plugins.
Preloading 0 native plugins for Editor in 0.00 ms.
Mono: successfully reloaded assembly
- Completed reload, in  0.705 seconds
Domain Reload Profiling:
	ReloadAssembly (706ms)
		BeginReloadAssembly (99ms)
			ExecutionOrderSort (0ms)
			DisableScriptedObjects (3ms)
			BackupInstance (0ms)
			ReleaseScriptingObjects (0ms)
			CreateAndSetChildDomain (28ms)
		EndReloadAssembly (538ms)
			LoadAssemblies (55ms)
			RebuildTransferFunctionScriptingTraits (0ms)
			SetupTypeCache (181ms)
			ReleaseScriptCaches (1ms)
			RebuildScriptCaches (29ms)
			SetupLoadedEditorAssemblies (243ms)
				LogAssemblyErrors (0ms)
				InitializePlatformSupportModulesInManaged (11ms)
				SetLoadedEditorAssemblies (0ms)
				RefreshPlugins (1ms)
				BeforeProcessingInitializeOnLoad (45ms)
				ProcessInitializeOnLoadAttributes (171ms)
				ProcessInitializeOnLoadMethodAttributes (12ms)
				AfterProcessingInitializeOnLoad (5ms)
				EditorAssembliesLoaded (0ms)
			ExecutionOrderSort2 (0ms)
			AwakeInstancesAfterBackupRestoration (4ms)
Platform modules already initialized, skipping
Refreshing native plugins compatible for Editor in 1.04 ms, found 3 plugins.
Preloading 0 native plugins for Editor in 0.00 ms.
Unloading 3072 Unused Serialized files (Serialized files now loaded: 0)
Unloading 18 unused Assets / (80.6 KB). Loaded Objects now: 3566.
Memory consumption went from 118.3 MB to 118.3 MB.
Total: 1.965400 ms (FindLiveObjects: 0.152100 ms CreateObjectMapping: 0.073100 ms MarkObjects: 1.672200 ms  DeleteObjects: 0.067300 ms)

AssetImportParameters requested are different than current active one (requested -> active):
  custom:video-decoder-ogg-theora: a1e56fd34408186e4bbccfd4996cb3dc -> 
  custom:container-muxer-webm: aa71ff27fc2769a1b78a27578f13a17b -> 
  custom:container-demuxer-webm: 4f35f7cbe854078d1ac9338744f61a02 -> 
  custom:video-encoder-webm-vp8: eb34c28f22e8b96e1ab97ce403110664 -> 
  custom:audio-encoder-webm-vorbis: bf7c407c2cedff20999df2af8eb42d56 -> 
  custom:framework-win-MediaFoundation: 216162199b28c13a410421893ffa2e32 -> 
  custom:container-demuxer-ogg: 62fdf1f143b41e24485cea50d1cbac27 -> 
  custom:video-decoder-webm-vp8: 9c59270c3fd7afecdb556c50c9e8de78 -> 
  custom:audio-decoder-ogg-vorbis: bf7c407c2cedff20999df2af8eb42d56 -> 
========================================================================
Received Prepare
Registering precompiled user dll's ...
Registered in 0.002616 seconds.
Begin MonoManager ReloadAssembly
Symbol file LoadedFromMemory doesn't match image C:\Users\SGA\Desktop\Unity3D_FPSPrototype\Unity3D_FPS\Library\PackageCache\com.unity.visualscripting@1.8.0\Editor\VisualScripting.Core\Dependencies\YamlDotNet\Unity.VisualScripting.YamlDotNet.dll
Symbol file LoadedFromMemory doesn't match image C:\Users\SGA\Desktop\Unity3D_FPSPrototype\Unity3D_FPS\Library\PackageCache\com.unity.visualscripting@1.8.0\Editor\VisualScripting.Core\Dependencies\DotNetZip\Unity.VisualScripting.IonicZip.dll
Native extension for WindowsStandalone target not found
Native extension for WebGL target not found
Refreshing native plugins compatible for Editor in 0.42 ms, found 3 plugins.
Preloading 0 native plugins for Editor in 0.00 ms.
Mono: successfully reloaded assembly
- Completed reload, in  0.637 seconds
Domain Reload Profiling:
	ReloadAssembly (638ms)
		BeginReloadAssembly (94ms)
			ExecutionOrderSort (0ms)
			DisableScriptedObjects (4ms)
			BackupInstance (0ms)
			ReleaseScriptingObjects (0ms)
			CreateAndSetChildDomain (23ms)
		EndReloadAssembly (477ms)
			LoadAssemblies (50ms)
			RebuildTransferFunctionScriptingTraits (0ms)
			SetupTypeCache (168ms)
			ReleaseScriptCaches (1ms)
			RebuildScriptCaches (26ms)
			SetupLoadedEditorAssemblies (203ms)
				LogAssemblyErrors (0ms)
				InitializePlatformSupportModulesInManaged (10ms)
				SetLoadedEditorAssemblies (0ms)
				RefreshPlugins (0ms)
				BeforeProcessingInitializeOnLoad (41ms)
				ProcessInitializeOnLoadAttributes (135ms)
				ProcessInitializeOnLoadMethodAttributes (13ms)
				AfterProcessingInitializeOnLoad (4ms)
				EditorAssembliesLoaded (0ms)
			ExecutionOrderSort2 (0ms)
			AwakeInstancesAfterBackupRestoration (4ms)
Platform modules already initialized, skipping
Refreshing native plugins compatible for Editor in 1.22 ms, found 3 plugins.
Preloading 0 native plugins for Editor in 0.00 ms.
Unloading 3072 Unused Serialized files (Serialized files now loaded: 0)
Unloading 17 unused Assets / (80.5 KB). Loaded Objects now: 3569.
Memory consumption went from 118.3 MB to 118.3 MB.
Total: 2.012300 ms (FindLiveObjects: 0.173400 ms CreateObjectMapping: 0.090500 ms MarkObjects: 1.665200 ms  DeleteObjects: 0.082000 ms)

AssetImportParameters requested are different than current active one (requested -> active):
  custom:video-decoder-ogg-theora: a1e56fd34408186e4bbccfd4996cb3dc -> 
  custom:container-muxer-webm: aa71ff27fc2769a1b78a27578f13a17b -> 
  custom:container-demuxer-webm: 4f35f7cbe854078d1ac9338744f61a02 -> 
  custom:video-encoder-webm-vp8: eb34c28f22e8b96e1ab97ce403110664 -> 
  custom:audio-encoder-webm-vorbis: bf7c407c2cedff20999df2af8eb42d56 -> 
  custom:framework-win-MediaFoundation: 216162199b28c13a410421893ffa2e32 -> 
  custom:container-demuxer-ogg: 62fdf1f143b41e24485cea50d1cbac27 -> 
  custom:video-decoder-webm-vp8: 9c59270c3fd7afecdb556c50c9e8de78 -> 
  custom:audio-decoder-ogg-vorbis: bf7c407c2cedff20999df2af8eb42d56 -> 
========================================================================
Received Prepare
Registering precompiled user dll's ...
Registered in 0.002692 seconds.
Begin MonoManager ReloadAssembly
Symbol file LoadedFromMemory doesn't match image C:\Users\SGA\Desktop\Unity3D_FPSPrototype\Unity3D_FPS\Library\PackageCache\com.unity.visualscripting@1.8.0\Editor\VisualScripting.Core\Dependencies\YamlDotNet\Unity.VisualScripting.YamlDotNet.dll
Symbol file LoadedFromMemory doesn't match image C:\Users\SGA\Desktop\Unity3D_FPSPrototype\Unity3D_FPS\Library\PackageCache\com.unity.visualscripting@1.8.0\Editor\VisualScripting.Core\Dependencies\DotNetZip\Unity.VisualScripting.IonicZip.dll
Native extension for WindowsStandalone target not found
Native extension for WebGL target not found
Refreshing native plugins compatible for Editor in 0.64 ms, found 3 plugins.
Preloading 0 native plugins for Editor in 0.00 ms.
Mono: successfully reloaded assembly
- Completed reload, in  0.659 seconds
Domain Reload Profiling:
	ReloadAssembly (659ms)
		BeginReloadAssembly (91ms)
			ExecutionOrderSort (0ms)
			DisableScriptedObjects (4ms)
			BackupInstance (0ms)
			ReleaseScriptingObjects (0ms)
			CreateAndSetChildDomain (23ms)
		EndReloadAssembly (496ms)
			LoadAssemblies (51ms)
			RebuildTransferFunctionScriptingTraits (0ms)
			SetupTypeCache (169ms)
			ReleaseScriptCaches (1ms)
			RebuildScriptCaches (25ms)
			SetupLoadedEditorAssemblies (221ms)
				LogAssemblyErrors (0ms)
				InitializePlatformSupportModulesInManaged (10ms)
				SetLoadedEditorAssemblies (1ms)
				RefreshPlugins (1ms)
				BeforeProcessingInitializeOnLoad (48ms)
				ProcessInitializeOnLoadAttributes (140ms)
				ProcessInitializeOnLoadMethodAttributes (17ms)
				AfterProcessingInitializeOnLoad (5ms)
				EditorAssembliesLoaded (0ms)
			ExecutionOrderSort2 (0ms)
			AwakeInstancesAfterBackupRestoration (4ms)
Platform modules already initialized, skipping
Refreshing native plugins compatible for Editor in 1.02 ms, found 3 plugins.
Preloading 0 native plugins for Editor in 0.00 ms.
Unloading 3072 Unused Serialized files (Serialized files now loaded: 0)
Unloading 17 unused Assets / (80.6 KB). Loaded Objects now: 3572.
Memory consumption went from 118.3 MB to 118.3 MB.
Total: 1.885000 ms (FindLiveObjects: 0.149500 ms CreateObjectMapping: 0.066800 ms MarkObjects: 1.599300 ms  DeleteObjects: 0.068700 ms)

AssetImportParameters requested are different than current active one (requested -> active):
  custom:video-decoder-ogg-theora: a1e56fd34408186e4bbccfd4996cb3dc -> 
  custom:container-muxer-webm: aa71ff27fc2769a1b78a27578f13a17b -> 
  custom:container-demuxer-webm: 4f35f7cbe854078d1ac9338744f61a02 -> 
  custom:video-encoder-webm-vp8: eb34c28f22e8b96e1ab97ce403110664 -> 
  custom:audio-encoder-webm-vorbis: bf7c407c2cedff20999df2af8eb42d56 -> 
  custom:framework-win-MediaFoundation: 216162199b28c13a410421893ffa2e32 -> 
  custom:container-demuxer-ogg: 62fdf1f143b41e24485cea50d1cbac27 -> 
  custom:video-decoder-webm-vp8: 9c59270c3fd7afecdb556c50c9e8de78 -> 
  custom:audio-decoder-ogg-vorbis: bf7c407c2cedff20999df2af8eb42d56 -> 
========================================================================
Received Prepare
Registering precompiled user dll's ...
Registered in 0.003077 seconds.
Begin MonoManager ReloadAssembly
Symbol file LoadedFromMemory doesn't match image C:\Users\SGA\Desktop\Unity3D_FPSPrototype\Unity3D_FPS\Library\PackageCache\com.unity.visualscripting@1.8.0\Editor\VisualScripting.Core\Dependencies\YamlDotNet\Unity.VisualScripting.YamlDotNet.dll
Symbol file LoadedFromMemory doesn't match image C:\Users\SGA\Desktop\Unity3D_FPSPrototype\Unity3D_FPS\Library\PackageCache\com.unity.visualscripting@1.8.0\Editor\VisualScripting.Core\Dependencies\DotNetZip\Unity.VisualScripting.IonicZip.dll
Native extension for WindowsStandalone target not found
Native extension for WebGL target not found
Refreshing native plugins compatible for Editor in 0.40 ms, found 3 plugins.
Preloading 0 native plugins for Editor in 0.00 ms.
Mono: successfully reloaded assembly
- Completed reload, in  0.636 seconds
Domain Reload Profiling:
	ReloadAssembly (636ms)
		BeginReloadAssembly (88ms)
			ExecutionOrderSort (0ms)
			DisableScriptedObjects (4ms)
			BackupInstance (0ms)
			ReleaseScriptingObjects (0ms)
			CreateAndSetChildDomain (22ms)
		EndReloadAssembly (484ms)
			LoadAssemblies (52ms)
			RebuildTransferFunctionScriptingTraits (0ms)
			SetupTypeCache (161ms)
			ReleaseScriptCaches (1ms)
			RebuildScriptCaches (26ms)
			SetupLoadedEditorAssemblies (214ms)
				LogAssemblyErrors (0ms)
				InitializePlatformSupportModulesInManaged (10ms)
				SetLoadedEditorAssemblies (0ms)
				RefreshPlugins (0ms)
				BeforeProcessingInitializeOnLoad (41ms)
				ProcessInitializeOnLoadAttributes (144ms)
				ProcessInitializeOnLoadMethodAttributes (13ms)
				AfterProcessingInitializeOnLoad (5ms)
				EditorAssembliesLoaded (0ms)
			ExecutionOrderSort2 (0ms)
			AwakeInstancesAfterBackupRestoration (5ms)
Platform modules already initialized, skipping
Refreshing native plugins compatible for Editor in 1.33 ms, found 3 plugins.
Preloading 0 native plugins for Editor in 0.00 ms.
Unloading 3072 Unused Serialized files (Serialized files now loaded: 0)
Unloading 17 unused Assets / (80.6 KB). Loaded Objects now: 3575.
Memory consumption went from 118.4 MB to 118.3 MB.
Total: 2.047300 ms (FindLiveObjects: 0.180800 ms CreateObjectMapping: 0.077300 ms MarkObjects: 1.705800 ms  DeleteObjects: 0.082700 ms)

AssetImportParameters requested are different than current active one (requested -> active):
  custom:video-decoder-ogg-theora: a1e56fd34408186e4bbccfd4996cb3dc -> 
  custom:container-muxer-webm: aa71ff27fc2769a1b78a27578f13a17b -> 
  custom:container-demuxer-webm: 4f35f7cbe854078d1ac9338744f61a02 -> 
  custom:video-encoder-webm-vp8: eb34c28f22e8b96e1ab97ce403110664 -> 
  custom:audio-encoder-webm-vorbis: bf7c407c2cedff20999df2af8eb42d56 -> 
  custom:framework-win-MediaFoundation: 216162199b28c13a410421893ffa2e32 -> 
  custom:container-demuxer-ogg: 62fdf1f143b41e24485cea50d1cbac27 -> 
  custom:video-decoder-webm-vp8: 9c59270c3fd7afecdb556c50c9e8de78 -> 
  custom:audio-decoder-ogg-vorbis: bf7c407c2cedff20999df2af8eb42d56 -> 
========================================================================
Received Prepare
Registering precompiled user dll's ...
Registered in 0.002783 seconds.
Begin MonoManager ReloadAssembly
Symbol file LoadedFromMemory doesn't match image C:\Users\SGA\Desktop\Unity3D_FPSPrototype\Unity3D_FPS\Library\PackageCache\com.unity.visualscripting@1.8.0\Editor\VisualScripting.Core\Dependencies\YamlDotNet\Unity.VisualScripting.YamlDotNet.dll
Symbol file LoadedFromMemory doesn't match image C:\Users\SGA\Desktop\Unity3D_FPSPrototype\Unity3D_FPS\Library\PackageCache\com.unity.visualscripting@1.8.0\Editor\VisualScripting.Core\Dependencies\DotNetZip\Unity.VisualScripting.IonicZip.dll
Native extension for WindowsStandalone target not found
Native extension for WebGL target not found
Refreshing native plugins compatible for Editor in 0.40 ms, found 3 plugins.
Preloading 0 native plugins for Editor in 0.00 ms.
Mono: successfully reloaded assembly
- Completed reload, in  0.665 seconds
Domain Reload Profiling:
	ReloadAssembly (666ms)
		BeginReloadAssembly (101ms)
			ExecutionOrderSort (0ms)
			DisableScriptedObjects (5ms)
			BackupInstance (0ms)
			ReleaseScriptingObjects (0ms)
			CreateAndSetChildDomain (26ms)
		EndReloadAssembly (497ms)
			LoadAssemblies (58ms)
			RebuildTransferFunctionScriptingTraits (0ms)
			SetupTypeCache (181ms)
			ReleaseScriptCaches (1ms)
			RebuildScriptCaches (28ms)
			SetupLoadedEditorAssemblies (206ms)
				LogAssemblyErrors (0ms)
				InitializePlatformSupportModulesInManaged (13ms)
				SetLoadedEditorAssemblies (0ms)
				RefreshPlugins (0ms)
				BeforeProcessingInitializeOnLoad (43ms)
				ProcessInitializeOnLoadAttributes (134ms)
				ProcessInitializeOnLoadMethodAttributes (11ms)
				AfterProcessingInitializeOnLoad (4ms)
				EditorAssembliesLoaded (0ms)
			ExecutionOrderSort2 (0ms)
			AwakeInstancesAfterBackupRestoration (4ms)
Platform modules already initialized, skipping
Refreshing native plugins compatible for Editor in 1.04 ms, found 3 plugins.
Preloading 0 native plugins for Editor in 0.00 ms.
Unloading 3072 Unused Serialized files (Serialized files now loaded: 0)
Unloading 17 unused Assets / (80.6 KB). Loaded Objects now: 3578.
Memory consumption went from 118.4 MB to 118.3 MB.
Total: 1.853100 ms (FindLiveObjects: 0.146300 ms CreateObjectMapping: 0.067300 ms MarkObjects: 1.570900 ms  DeleteObjects: 0.068300 ms)

AssetImportParameters requested are different than current active one (requested -> active):
  custom:video-decoder-ogg-theora: a1e56fd34408186e4bbccfd4996cb3dc -> 
  custom:container-muxer-webm: aa71ff27fc2769a1b78a27578f13a17b -> 
  custom:container-demuxer-webm: 4f35f7cbe854078d1ac9338744f61a02 -> 
  custom:video-encoder-webm-vp8: eb34c28f22e8b96e1ab97ce403110664 -> 
  custom:audio-encoder-webm-vorbis: bf7c407c2cedff20999df2af8eb42d56 -> 
  custom:framework-win-MediaFoundation: 216162199b28c13a410421893ffa2e32 -> 
  custom:container-demuxer-ogg: 62fdf1f143b41e24485cea50d1cbac27 -> 
  custom:video-decoder-webm-vp8: 9c59270c3fd7afecdb556c50c9e8de78 -> 
  custom:audio-decoder-ogg-vorbis: bf7c407c2cedff20999df2af8eb42d56 -> 
========================================================================
Received Prepare
Registering precompiled user dll's ...
Registered in 0.003063 seconds.
Begin MonoManager ReloadAssembly
Symbol file LoadedFromMemory doesn't match image C:\Users\SGA\Desktop\Unity3D_FPSPrototype\Unity3D_FPS\Library\PackageCache\com.unity.visualscripting@1.8.0\Editor\VisualScripting.Core\Dependencies\YamlDotNet\Unity.VisualScripting.YamlDotNet.dll
Symbol file LoadedFromMemory doesn't match image C:\Users\SGA\Desktop\Unity3D_FPSPrototype\Unity3D_FPS\Library\PackageCache\com.unity.visualscripting@1.8.0\Editor\VisualScripting.Core\Dependencies\DotNetZip\Unity.VisualScripting.IonicZip.dll
Native extension for WindowsStandalone target not found
Native extension for WebGL target not found
Refreshing native plugins compatible for Editor in 0.44 ms, found 3 plugins.
Preloading 0 native plugins for Editor in 0.00 ms.
Mono: successfully reloaded assembly
- Completed reload, in  0.646 seconds
Domain Reload Profiling:
	ReloadAssembly (647ms)
		BeginReloadAssembly (92ms)
			ExecutionOrderSort (0ms)
			DisableScriptedObjects (4ms)
			BackupInstance (0ms)
			ReleaseScriptingObjects (0ms)
			CreateAndSetChildDomain (25ms)
		EndReloadAssembly (483ms)
			LoadAssemblies (51ms)
			RebuildTransferFunctionScriptingTraits (0ms)
			SetupTypeCache (176ms)
			ReleaseScriptCaches (1ms)
			RebuildScriptCaches (25ms)
			SetupLoadedEditorAssemblies (202ms)
				LogAssemblyErrors (0ms)
				InitializePlatformSupportModulesInManaged (10ms)
				SetLoadedEditorAssemblies (0ms)
				RefreshPlugins (0ms)
				BeforeProcessingInitializeOnLoad (41ms)
				ProcessInitializeOnLoadAttributes (134ms)
				ProcessInitializeOnLoadMethodAttributes (12ms)
				AfterProcessingInitializeOnLoad (4ms)
				EditorAssembliesLoaded (0ms)
			ExecutionOrderSort2 (0ms)
			AwakeInstancesAfterBackupRestoration (4ms)
Platform modules already initialized, skipping
Refreshing native plugins compatible for Editor in 1.03 ms, found 3 plugins.
Preloading 0 native plugins for Editor in 0.00 ms.
Unloading 3072 Unused Serialized files (Serialized files now loaded: 0)
Unloading 17 unused Assets / (80.7 KB). Loaded Objects now: 3581.
Memory consumption went from 118.4 MB to 118.3 MB.
Total: 1.996700 ms (FindLiveObjects: 0.162300 ms CreateObjectMapping: 0.071300 ms MarkObjects: 1.686700 ms  DeleteObjects: 0.075800 ms)

AssetImportParameters requested are different than current active one (requested -> active):
  custom:video-decoder-ogg-theora: a1e56fd34408186e4bbccfd4996cb3dc -> 
  custom:container-muxer-webm: aa71ff27fc2769a1b78a27578f13a17b -> 
  custom:container-demuxer-webm: 4f35f7cbe854078d1ac9338744f61a02 -> 
  custom:video-encoder-webm-vp8: eb34c28f22e8b96e1ab97ce403110664 -> 
  custom:audio-encoder-webm-vorbis: bf7c407c2cedff20999df2af8eb42d56 -> 
  custom:framework-win-MediaFoundation: 216162199b28c13a410421893ffa2e32 -> 
  custom:container-demuxer-ogg: 62fdf1f143b41e24485cea50d1cbac27 -> 
  custom:video-decoder-webm-vp8: 9c59270c3fd7afecdb556c50c9e8de78 -> 
  custom:audio-decoder-ogg-vorbis: bf7c407c2cedff20999df2af8eb42d56 -> 
========================================================================
Received Prepare
Registering precompiled user dll's ...
Registered in 0.003461 seconds.
Begin MonoManager ReloadAssembly
Symbol file LoadedFromMemory doesn't match image C:\Users\SGA\Desktop\Unity3D_FPSPrototype\Unity3D_FPS\Library\PackageCache\com.unity.visualscripting@1.8.0\Editor\VisualScripting.Core\Dependencies\YamlDotNet\Unity.VisualScripting.YamlDotNet.dll
Symbol file LoadedFromMemory doesn't match image C:\Users\SGA\Desktop\Unity3D_FPSPrototype\Unity3D_FPS\Library\PackageCache\com.unity.visualscripting@1.8.0\Editor\VisualScripting.Core\Dependencies\DotNetZip\Unity.VisualScripting.IonicZip.dll
Native extension for WindowsStandalone target not found
Native extension for WebGL target not found
Refreshing native plugins compatible for Editor in 0.41 ms, found 3 plugins.
Preloading 0 native plugins for Editor in 0.00 ms.
Mono: successfully reloaded assembly
- Completed reload, in  0.672 seconds
Domain Reload Profiling:
	ReloadAssembly (672ms)
		BeginReloadAssembly (93ms)
			ExecutionOrderSort (0ms)
			DisableScriptedObjects (4ms)
			BackupInstance (0ms)
			ReleaseScriptingObjects (0ms)
			CreateAndSetChildDomain (22ms)
		EndReloadAssembly (513ms)
			LoadAssemblies (52ms)
			RebuildTransferFunctionScriptingTraits (0ms)
			SetupTypeCache (170ms)
			ReleaseScriptCaches (1ms)
			RebuildScriptCaches (31ms)
			SetupLoadedEditorAssemblies (221ms)
				LogAssemblyErrors (0ms)
				InitializePlatformSupportModulesInManaged (10ms)
				SetLoadedEditorAssemblies (0ms)
				RefreshPlugins (0ms)
				BeforeProcessingInitializeOnLoad (41ms)
				ProcessInitializeOnLoadAttributes (150ms)
				ProcessInitializeOnLoadMethodAttributes (14ms)
				AfterProcessingInitializeOnLoad (5ms)
				EditorAssembliesLoaded (0ms)
			ExecutionOrderSort2 (0ms)
			AwakeInstancesAfterBackupRestoration (5ms)
Platform modules already initialized, skipping
Refreshing native plugins compatible for Editor in 1.50 ms, found 3 plugins.
Preloading 0 native plugins for Editor in 0.00 ms.
Unloading 3072 Unused Serialized files (Serialized files now loaded: 0)
Unloading 17 unused Assets / (80.6 KB). Loaded Objects now: 3584.
Memory consumption went from 118.4 MB to 118.3 MB.
Total: 1.984200 ms (FindLiveObjects: 0.183800 ms CreateObjectMapping: 0.079700 ms MarkObjects: 1.643900 ms  DeleteObjects: 0.075900 ms)

AssetImportParameters requested are different than current active one (requested -> active):
  custom:video-decoder-ogg-theora: a1e56fd34408186e4bbccfd4996cb3dc -> 
  custom:container-muxer-webm: aa71ff27fc2769a1b78a27578f13a17b -> 
  custom:container-demuxer-webm: 4f35f7cbe854078d1ac9338744f61a02 -> 
  custom:video-encoder-webm-vp8: eb34c28f22e8b96e1ab97ce403110664 -> 
  custom:audio-encoder-webm-vorbis: bf7c407c2cedff20999df2af8eb42d56 -> 
  custom:framework-win-MediaFoundation: 216162199b28c13a410421893ffa2e32 -> 
  custom:container-demuxer-ogg: 62fdf1f143b41e24485cea50d1cbac27 -> 
  custom:video-decoder-webm-vp8: 9c59270c3fd7afecdb556c50c9e8de78 -> 
  custom:audio-decoder-ogg-vorbis: bf7c407c2cedff20999df2af8eb42d56 -> 
========================================================================
Received Prepare
Registering precompiled user dll's ...
Registered in 0.003249 seconds.
Begin MonoManager ReloadAssembly
Symbol file LoadedFromMemory doesn't match image C:\Users\SGA\Desktop\Unity3D_FPSPrototype\Unity3D_FPS\Library\PackageCache\com.unity.visualscripting@1.8.0\Editor\VisualScripting.Core\Dependencies\YamlDotNet\Unity.VisualScripting.YamlDotNet.dll
Symbol file LoadedFromMemory doesn't match image C:\Users\SGA\Desktop\Unity3D_FPSPrototype\Unity3D_FPS\Library\PackageCache\com.unity.visualscripting@1.8.0\Editor\VisualScripting.Core\Dependencies\DotNetZip\Unity.VisualScripting.IonicZip.dll
Native extension for WindowsStandalone target not found
Native extension for WebGL target not found
Refreshing native plugins compatible for Editor in 0.41 ms, found 3 plugins.
Preloading 0 native plugins for Editor in 0.00 ms.
Mono: successfully reloaded assembly
- Completed reload, in  0.642 seconds
Domain Reload Profiling:
	ReloadAssembly (643ms)
		BeginReloadAssembly (94ms)
			ExecutionOrderSort (0ms)
			DisableScriptedObjects (4ms)
			BackupInstance (0ms)
			ReleaseScriptingObjects (0ms)
			CreateAndSetChildDomain (27ms)
		EndReloadAssembly (477ms)
			LoadAssemblies (49ms)
			RebuildTransferFunctionScriptingTraits (0ms)
			SetupTypeCache (168ms)
			ReleaseScriptCaches (1ms)
			RebuildScriptCaches (29ms)
			SetupLoadedEditorAssemblies (200ms)
				LogAssemblyErrors (0ms)
				InitializePlatformSupportModulesInManaged (10ms)
				SetLoadedEditorAssemblies (0ms)
				RefreshPlugins (0ms)
				BeforeProcessingInitializeOnLoad (43ms)
				ProcessInitializeOnLoadAttributes (132ms)
				ProcessInitializeOnLoadMethodAttributes (11ms)
				AfterProcessingInitializeOnLoad (4ms)
				EditorAssembliesLoaded (0ms)
			ExecutionOrderSort2 (0ms)
			AwakeInstancesAfterBackupRestoration (4ms)
Platform modules already initialized, skipping
Refreshing native plugins compatible for Editor in 1.06 ms, found 3 plugins.
Preloading 0 native plugins for Editor in 0.00 ms.
Unloading 3072 Unused Serialized files (Serialized files now loaded: 0)
Unloading 17 unused Assets / (80.7 KB). Loaded Objects now: 3587.
Memory consumption went from 118.4 MB to 118.3 MB.
Total: 1.841200 ms (FindLiveObjects: 0.149500 ms CreateObjectMapping: 0.066200 ms MarkObjects: 1.565600 ms  DeleteObjects: 0.059600 ms)

AssetImportParameters requested are different than current active one (requested -> active):
  custom:video-decoder-ogg-theora: a1e56fd34408186e4bbccfd4996cb3dc -> 
  custom:container-muxer-webm: aa71ff27fc2769a1b78a27578f13a17b -> 
  custom:container-demuxer-webm: 4f35f7cbe854078d1ac9338744f61a02 -> 
  custom:video-encoder-webm-vp8: eb34c28f22e8b96e1ab97ce403110664 -> 
  custom:audio-encoder-webm-vorbis: bf7c407c2cedff20999df2af8eb42d56 -> 
  custom:framework-win-MediaFoundation: 216162199b28c13a410421893ffa2e32 -> 
  custom:container-demuxer-ogg: 62fdf1f143b41e24485cea50d1cbac27 -> 
  custom:video-decoder-webm-vp8: 9c59270c3fd7afecdb556c50c9e8de78 -> 
  custom:audio-decoder-ogg-vorbis: bf7c407c2cedff20999df2af8eb42d56 -> 
========================================================================
Received Import Request.
  Time since last request: 664.639074 seconds.
  path: Assets/Prefabs/Effect/ImpactInteractionObject.prefab
  artifactKey: Guid(091d9c0ef5220254ab821707dbc4ac21) Importer(815301076,1909f56bfc062723c751e8b465ee728b)
Start importing Assets/Prefabs/Effect/ImpactInteractionObject.prefab using Guid(091d9c0ef5220254ab821707dbc4ac21) Importer(815301076,1909f56bfc062723c751e8b465ee728b)  -> (artifact id: 'bccc71e43a0572e644b126c1fe63c221') in 0.062270 seconds 
========================================================================
Received Import Request.
  Time since last request: 169.030437 seconds.
  path: Assets/Prefabs/ExplosionBarrel.prefab
  artifactKey: Guid(f789a08fde0c01542937cb188b1c436b) Importer(815301076,1909f56bfc062723c751e8b465ee728b)
Start importing Assets/Prefabs/ExplosionBarrel.prefab using Guid(f789a08fde0c01542937cb188b1c436b) Importer(815301076,1909f56bfc062723c751e8b465ee728b)  -> (artifact id: 'cb7b7263cb2a4dabd59abc6418479492') in 0.073682 seconds 
========================================================================
Received Prepare
Registering precompiled user dll's ...
Registered in 0.002613 seconds.
Begin MonoManager ReloadAssembly
Symbol file LoadedFromMemory doesn't match image C:\Users\SGA\Desktop\Unity3D_FPSPrototype\Unity3D_FPS\Library\PackageCache\com.unity.visualscripting@1.8.0\Editor\VisualScripting.Core\Dependencies\YamlDotNet\Unity.VisualScripting.YamlDotNet.dll
Symbol file LoadedFromMemory doesn't match image C:\Users\SGA\Desktop\Unity3D_FPSPrototype\Unity3D_FPS\Library\PackageCache\com.unity.visualscripting@1.8.0\Editor\VisualScripting.Core\Dependencies\DotNetZip\Unity.VisualScripting.IonicZip.dll
Native extension for WindowsStandalone target not found
Native extension for WebGL target not found
Refreshing native plugins compatible for Editor in 0.42 ms, found 3 plugins.
Preloading 0 native plugins for Editor in 0.00 ms.
Mono: successfully reloaded assembly
- Completed reload, in  0.704 seconds
Domain Reload Profiling:
	ReloadAssembly (705ms)
		BeginReloadAssembly (91ms)
			ExecutionOrderSort (0ms)
			DisableScriptedObjects (3ms)
			BackupInstance (0ms)
			ReleaseScriptingObjects (0ms)
			CreateAndSetChildDomain (24ms)
		EndReloadAssembly (548ms)
			LoadAssemblies (53ms)
			RebuildTransferFunctionScriptingTraits (0ms)
			SetupTypeCache (191ms)
			ReleaseScriptCaches (1ms)
			RebuildScriptCaches (32ms)
			SetupLoadedEditorAssemblies (229ms)
				LogAssemblyErrors (0ms)
				InitializePlatformSupportModulesInManaged (11ms)
				SetLoadedEditorAssemblies (0ms)
				RefreshPlugins (0ms)
				BeforeProcessingInitializeOnLoad (46ms)
				ProcessInitializeOnLoadAttributes (152ms)
				ProcessInitializeOnLoadMethodAttributes (14ms)
				AfterProcessingInitializeOnLoad (5ms)
				EditorAssembliesLoaded (0ms)
			ExecutionOrderSort2 (0ms)
			AwakeInstancesAfterBackupRestoration (5ms)
Platform modules already initialized, skipping
Refreshing native plugins compatible for Editor in 1.74 ms, found 3 plugins.
Preloading 0 native plugins for Editor in 0.00 ms.
Unloading 3072 Unused Serialized files (Serialized files now loaded: 0)
Unloading 17 unused Assets / (80.6 KB). Loaded Objects now: 3590.
Memory consumption went from 118.4 MB to 118.3 MB.
Total: 2.527400 ms (FindLiveObjects: 0.176300 ms CreateObjectMapping: 0.075300 ms MarkObjects: 2.183500 ms  DeleteObjects: 0.091300 ms)

AssetImportParameters requested are different than current active one (requested -> active):
  custom:video-decoder-ogg-theora: a1e56fd34408186e4bbccfd4996cb3dc -> 
  custom:container-muxer-webm: aa71ff27fc2769a1b78a27578f13a17b -> 
  custom:container-demuxer-webm: 4f35f7cbe854078d1ac9338744f61a02 -> 
  custom:video-encoder-webm-vp8: eb34c28f22e8b96e1ab97ce403110664 -> 
  custom:audio-encoder-webm-vorbis: bf7c407c2cedff20999df2af8eb42d56 -> 
  custom:framework-win-MediaFoundation: 216162199b28c13a410421893ffa2e32 -> 
  custom:container-demuxer-ogg: 62fdf1f143b41e24485cea50d1cbac27 -> 
  custom:video-decoder-webm-vp8: 9c59270c3fd7afecdb556c50c9e8de78 -> 
  custom:audio-decoder-ogg-vorbis: bf7c407c2cedff20999df2af8eb42d56 -> 
========================================================================
Received Prepare
Registering precompiled user dll's ...
Registered in 0.003153 seconds.
Begin MonoManager ReloadAssembly
Symbol file LoadedFromMemory doesn't match image C:\Users\SGA\Desktop\Unity3D_FPSPrototype\Unity3D_FPS\Library\PackageCache\com.unity.visualscripting@1.8.0\Editor\VisualScripting.Core\Dependencies\YamlDotNet\Unity.VisualScripting.YamlDotNet.dll
Symbol file LoadedFromMemory doesn't match image C:\Users\SGA\Desktop\Unity3D_FPSPrototype\Unity3D_FPS\Library\PackageCache\com.unity.visualscripting@1.8.0\Editor\VisualScripting.Core\Dependencies\DotNetZip\Unity.VisualScripting.IonicZip.dll
Native extension for WindowsStandalone target not found
Native extension for WebGL target not found
Refreshing native plugins compatible for Editor in 0.44 ms, found 3 plugins.
Preloading 0 native plugins for Editor in 0.00 ms.
Mono: successfully reloaded assembly
- Completed reload, in  0.729 seconds
Domain Reload Profiling:
	ReloadAssembly (729ms)
		BeginReloadAssembly (98ms)
			ExecutionOrderSort (0ms)
			DisableScriptedObjects (4ms)
			BackupInstance (0ms)
			ReleaseScriptingObjects (0ms)
			CreateAndSetChildDomain (26ms)
		EndReloadAssembly (563ms)
			LoadAssemblies (50ms)
			RebuildTransferFunctionScriptingTraits (0ms)
			SetupTypeCache (187ms)
			ReleaseScriptCaches (1ms)
			RebuildScriptCaches (39ms)
			SetupLoadedEditorAssemblies (241ms)
				LogAssemblyErrors (0ms)
				InitializePlatformSupportModulesInManaged (12ms)
				SetLoadedEditorAssemblies (0ms)
				RefreshPlugins (0ms)
				BeforeProcessingInitializeOnLoad (49ms)
				ProcessInitializeOnLoadAttributes (159ms)
				ProcessInitializeOnLoadMethodAttributes (14ms)
				AfterProcessingInitializeOnLoad (5ms)
				EditorAssembliesLoaded (0ms)
			ExecutionOrderSort2 (0ms)
			AwakeInstancesAfterBackupRestoration (5ms)
Platform modules already initialized, skipping
Refreshing native plugins compatible for Editor in 1.09 ms, found 3 plugins.
Preloading 0 native plugins for Editor in 0.00 ms.
Unloading 3072 Unused Serialized files (Serialized files now loaded: 0)
Unloading 17 unused Assets / (80.6 KB). Loaded Objects now: 3593.
Memory consumption went from 118.4 MB to 118.3 MB.
Total: 2.008300 ms (FindLiveObjects: 0.162800 ms CreateObjectMapping: 0.069400 ms MarkObjects: 1.692200 ms  DeleteObjects: 0.083100 ms)

AssetImportParameters requested are different than current active one (requested -> active):
  custom:video-decoder-ogg-theora: a1e56fd34408186e4bbccfd4996cb3dc -> 
  custom:container-muxer-webm: aa71ff27fc2769a1b78a27578f13a17b -> 
  custom:container-demuxer-webm: 4f35f7cbe854078d1ac9338744f61a02 -> 
  custom:video-encoder-webm-vp8: eb34c28f22e8b96e1ab97ce403110664 -> 
  custom:audio-encoder-webm-vorbis: bf7c407c2cedff20999df2af8eb42d56 -> 
  custom:framework-win-MediaFoundation: 216162199b28c13a410421893ffa2e32 -> 
  custom:container-demuxer-ogg: 62fdf1f143b41e24485cea50d1cbac27 -> 
  custom:video-decoder-webm-vp8: 9c59270c3fd7afecdb556c50c9e8de78 -> 
  custom:audio-decoder-ogg-vorbis: bf7c407c2cedff20999df2af8eb42d56 -> 
========================================================================
Received Import Request.
  Time since last request: 720.162893 seconds.
  path: Assets/Materials/WallMat.mat
  artifactKey: Guid(260989309bf82984ca531404ff35c328) Importer(815301076,1909f56bfc062723c751e8b465ee728b)
Start importing Assets/Materials/WallMat.mat using Guid(260989309bf82984ca531404ff35c328) Importer(815301076,1909f56bfc062723c751e8b465ee728b)  -> (artifact id: 'eae5361e6640c644ec3e299673d09111') in 0.110856 seconds 
========================================================================
Received Import Request.
  Time since last request: 0.001381 seconds.
  path: Assets/ExternalAssets/Toon Muzzleflash Pack/Components/Material/Sprites Material.mat
  artifactKey: Guid(69ed690a112ab9f4e8a4cdcdff2c570e) Importer(815301076,1909f56bfc062723c751e8b465ee728b)
Start importing Assets/ExternalAssets/Toon Muzzleflash Pack/Components/Material/Sprites Material.mat using Guid(69ed690a112ab9f4e8a4cdcdff2c570e) Importer(815301076,1909f56bfc062723c751e8b465ee728b)  -> (artifact id: 'de763d4fe1e1cae17bb7482378075adf') in 0.011389 seconds 
========================================================================
Received Import Request.
  Time since last request: 0.177471 seconds.
  path: Assets/ExternalAssets/Low Poly FPS Pack - Free (Sample)/Components/Materials/Particles/Smoke_SpriteSheet.mat
  artifactKey: Guid(080f77c7731800f4490dd3900a4e2aa4) Importer(815301076,1909f56bfc062723c751e8b465ee728b)
Start importing Assets/ExternalAssets/Low Poly FPS Pack - Free (Sample)/Components/Materials/Particles/Smoke_SpriteSheet.mat using Guid(080f77c7731800f4490dd3900a4e2aa4) Importer(815301076,1909f56bfc062723c751e8b465ee728b)  -> (artifact id: 'd19defc0963519643b2249f593af0136') in 0.035209 seconds 
========================================================================
Received Import Request.
  Time since last request: 0.476332 seconds.
  path: Assets/ExternalAssets/Low Poly FPS Pack - Free (Sample)/Components/Materials/Particles/Shockwave Particle Material.mat
  artifactKey: Guid(33e4edc60bd3b544aa23d5c78ad00ea8) Importer(815301076,1909f56bfc062723c751e8b465ee728b)
Start importing Assets/ExternalAssets/Low Poly FPS Pack - Free (Sample)/Components/Materials/Particles/Shockwave Particle Material.mat using Guid(33e4edc60bd3b544aa23d5c78ad00ea8) Importer(815301076,1909f56bfc062723c751e8b465ee728b)  -> (artifact id: '692aec55e605a8b6131b108ac6aa0dfb') in 0.021133 seconds 
========================================================================
Received Import Request.
  Time since last request: 0.025568 seconds.
  path: Assets/Materials/NormalBarrelMat.mat
  artifactKey: Guid(34151009bf4f6c24d8b4787caffa0c19) Importer(815301076,1909f56bfc062723c751e8b465ee728b)
Start importing Assets/Materials/NormalBarrelMat.mat using Guid(34151009bf4f6c24d8b4787caffa0c19) Importer(815301076,1909f56bfc062723c751e8b465ee728b)  -> (artifact id: 'f1feb125275d75c090525511e38fba8a') in 0.011902 seconds 
========================================================================
Received Import Request.
  Time since last request: 0.033331 seconds.
  path: Assets/ExternalAssets/Low Poly FPS Pack - Free (Sample)/Components/Materials/Bullet_Impact_Materials/Metal_Bullet_Hole_Particle.mat
  artifactKey: Guid(dfe1b5f047132e34c8acfbb02cb58bb6) Importer(815301076,1909f56bfc062723c751e8b465ee728b)
Start importing Assets/ExternalAssets/Low Poly FPS Pack - Free (Sample)/Components/Materials/Bullet_Impact_Materials/Metal_Bullet_Hole_Particle.mat using Guid(dfe1b5f047132e34c8acfbb02cb58bb6) Importer(815301076,1909f56bfc062723c751e8b465ee728b)  -> (artifact id: '8a01097caa406e34fa653804ad1de7fe') in 0.018046 seconds 
========================================================================
Received Import Request.
  Time since last request: 0.013072 seconds.
  path: Assets/ExternalAssets/Low Poly FPS Pack - Free (Sample)/Components/Materials/Particles/Metal_Bullet_Hole_Particle.mat
  artifactKey: Guid(b69259828c6bcc44896be7fc36148ce4) Importer(815301076,1909f56bfc062723c751e8b465ee728b)
Start importing Assets/ExternalAssets/Low Poly FPS Pack - Free (Sample)/Components/Materials/Particles/Metal_Bullet_Hole_Particle.mat using Guid(b69259828c6bcc44896be7fc36148ce4) Importer(815301076,1909f56bfc062723c751e8b465ee728b)  -> (artifact id: 'ecd4aa4e6a0be032468bd598f68cfc41') in 0.033825 seconds 
========================================================================
Received Import Request.
  Time since last request: 1.301319 seconds.
  path: Assets/TextMesh Pro/Resources/Fonts & Materials/LiberationSans SDF - Outline.mat
  artifactKey: Guid(79459efec17a4d00a321bdcc27bbc385) Importer(815301076,1909f56bfc062723c751e8b465ee728b)
Start importing Assets/TextMesh Pro/Resources/Fonts & Materials/LiberationSans SDF - Outline.mat using Guid(79459efec17a4d00a321bdcc27bbc385) Importer(815301076,1909f56bfc062723c751e8b465ee728b)  -> (artifact id: '0e44490a395f5e2c283d3f82b93241d0') in 0.055575 seconds 
========================================================================
Received Import Request.
  Time since last request: 0.000019 seconds.
  path: Assets/TextMesh Pro/Resources/Fonts & Materials/LiberationSans SDF - Drop Shadow.mat
  artifactKey: Guid(e73a58f6e2794ae7b1b7e50b7fb811b0) Importer(815301076,1909f56bfc062723c751e8b465ee728b)
Start importing Assets/TextMesh Pro/Resources/Fonts & Materials/LiberationSans SDF - Drop Shadow.mat using Guid(e73a58f6e2794ae7b1b7e50b7fb811b0) Importer(815301076,1909f56bfc062723c751e8b465ee728b)  -> (artifact id: '31fad08335b53c2413b68144c173d1ed') in 0.055650 seconds 
========================================================================
Received Import Request.
  Time since last request: 0.010284 seconds.
  path: Assets/TextMesh Pro/Fonts/LiberationSans.ttf
  artifactKey: Guid(e3265ab4bf004d28a9537516768c1c75) Importer(815301076,1909f56bfc062723c751e8b465ee728b)
Start importing Assets/TextMesh Pro/Fonts/LiberationSans.ttf using Guid(e3265ab4bf004d28a9537516768c1c75) Importer(815301076,1909f56bfc062723c751e8b465ee728b)  -> (artifact id: '86e85d55384b22641579099d0f1ce7e8') in 0.024325 seconds 
========================================================================
Received Import Request.
  Time since last request: 0.581797 seconds.
  path: Assets/ExternalAssets/Low Poly FPS Pack - Free (Sample)/Components/Materials/Particles/Flame_Particle.mat
  artifactKey: Guid(c28f343ad30573b4099553d8875601a0) Importer(815301076,1909f56bfc062723c751e8b465ee728b)
Start importing Assets/ExternalAssets/Low Poly FPS Pack - Free (Sample)/Components/Materials/Particles/Flame_Particle.mat using Guid(c28f343ad30573b4099553d8875601a0) Importer(815301076,1909f56bfc062723c751e8b465ee728b)  -> (artifact id: 'c1e8478d326004a45491480d60ece1fd') in 0.011182 seconds 
========================================================================
Received Import Request.
  Time since last request: 0.026569 seconds.
  path: Assets/Materials/EnemyGunMat.mat
  artifactKey: Guid(f32fab4ea53bfc64ba07add11c093103) Importer(815301076,1909f56bfc062723c751e8b465ee728b)
Start importing Assets/Materials/EnemyGunMat.mat using Guid(f32fab4ea53bfc64ba07add11c093103) Importer(815301076,1909f56bfc062723c751e8b465ee728b)  -> (artifact id: 'df423999ebda32798acab398b289f4ae') in 0.011318 seconds 
========================================================================
Received Import Request.
  Time since last request: 0.020543 seconds.
  path: Assets/ExternalAssets/Low Poly FPS Pack - Free (Sample)/Components/Materials/Particles/Ember_Particle.mat
  artifactKey: Guid(3064a05586bfc724c9e53002a01b53d6) Importer(815301076,1909f56bfc062723c751e8b465ee728b)
Start importing Assets/ExternalAssets/Low Poly FPS Pack - Free (Sample)/Components/Materials/Particles/Ember_Particle.mat using Guid(3064a05586bfc724c9e53002a01b53d6) Importer(815301076,1909f56bfc062723c751e8b465ee728b)  -> (artifact id: '62f0097fe125a90ed7eb44e056231a16') in 0.018083 seconds 
========================================================================
Received Import Request.
  Time since last request: 0.281418 seconds.
  path: Assets/ExternalAssets/Low Poly FPS Pack - Free (Sample)/Components/Demo_Scene_Components/Materials/Demo Scene Material.mat
  artifactKey: Guid(b75ca23ffd578dd4bb4369e9426110b6) Importer(815301076,1909f56bfc062723c751e8b465ee728b)
Start importing Assets/ExternalAssets/Low Poly FPS Pack - Free (Sample)/Components/Demo_Scene_Components/Materials/Demo Scene Material.mat using Guid(b75ca23ffd578dd4bb4369e9426110b6) Importer(815301076,1909f56bfc062723c751e8b465ee728b)  -> (artifact id: '2e9d566aa9b87fb8c3127a7a7f177bf1') in 0.017863 seconds 
========================================================================
Received Prepare
Registering precompiled user dll's ...
Registered in 0.003294 seconds.
Begin MonoManager ReloadAssembly
Symbol file LoadedFromMemory doesn't match image C:\Users\SGA\Desktop\Unity3D_FPSPrototype\Unity3D_FPS\Library\PackageCache\com.unity.visualscripting@1.8.0\Editor\VisualScripting.Core\Dependencies\YamlDotNet\Unity.VisualScripting.YamlDotNet.dll
Symbol file LoadedFromMemory doesn't match image C:\Users\SGA\Desktop\Unity3D_FPSPrototype\Unity3D_FPS\Library\PackageCache\com.unity.visualscripting@1.8.0\Editor\VisualScripting.Core\Dependencies\DotNetZip\Unity.VisualScripting.IonicZip.dll
Native extension for WindowsStandalone target not found
Native extension for WebGL target not found
Refreshing native plugins compatible for Editor in 0.41 ms, found 3 plugins.
Preloading 0 native plugins for Editor in 0.00 ms.
Mono: successfully reloaded assembly
- Completed reload, in  0.633 seconds
Domain Reload Profiling:
	ReloadAssembly (634ms)
		BeginReloadAssembly (92ms)
			ExecutionOrderSort (0ms)
			DisableScriptedObjects (3ms)
			BackupInstance (0ms)
			ReleaseScriptingObjects (0ms)
			CreateAndSetChildDomain (25ms)
		EndReloadAssembly (478ms)
			LoadAssemblies (54ms)
			RebuildTransferFunctionScriptingTraits (0ms)
			SetupTypeCache (161ms)
			ReleaseScriptCaches (1ms)
			RebuildScriptCaches (25ms)
			SetupLoadedEditorAssemblies (211ms)
				LogAssemblyErrors (0ms)
				InitializePlatformSupportModulesInManaged (10ms)
				SetLoadedEditorAssemblies (0ms)
				RefreshPlugins (0ms)
				BeforeProcessingInitializeOnLoad (41ms)
				ProcessInitializeOnLoadAttributes (140ms)
				ProcessInitializeOnLoadMethodAttributes (13ms)
				AfterProcessingInitializeOnLoad (5ms)
				EditorAssembliesLoaded (0ms)
			ExecutionOrderSort2 (0ms)
			AwakeInstancesAfterBackupRestoration (4ms)
Platform modules already initialized, skipping
Refreshing native plugins compatible for Editor in 1.43 ms, found 3 plugins.
Preloading 0 native plugins for Editor in 0.00 ms.
Unloading 3072 Unused Serialized files (Serialized files now loaded: 0)
Unloading 17 unused Assets / (80.7 KB). Loaded Objects now: 3635.
Memory consumption went from 118.9 MB to 118.8 MB.
Total: 2.030600 ms (FindLiveObjects: 0.169300 ms CreateObjectMapping: 0.075800 ms MarkObjects: 1.703700 ms  DeleteObjects: 0.081000 ms)

AssetImportParameters requested are different than current active one (requested -> active):
  custom:video-decoder-ogg-theora: a1e56fd34408186e4bbccfd4996cb3dc -> 
  custom:container-muxer-webm: aa71ff27fc2769a1b78a27578f13a17b -> 
  custom:container-demuxer-webm: 4f35f7cbe854078d1ac9338744f61a02 -> 
  custom:video-encoder-webm-vp8: eb34c28f22e8b96e1ab97ce403110664 -> 
  custom:audio-encoder-webm-vorbis: bf7c407c2cedff20999df2af8eb42d56 -> 
  custom:framework-win-MediaFoundation: 216162199b28c13a410421893ffa2e32 -> 
  custom:container-demuxer-ogg: 62fdf1f143b41e24485cea50d1cbac27 -> 
  custom:video-decoder-webm-vp8: 9c59270c3fd7afecdb556c50c9e8de78 -> 
  custom:audio-decoder-ogg-vorbis: bf7c407c2cedff20999df2af8eb42d56 -> 
========================================================================
Received Import Request.
  Time since last request: 2286.316985 seconds.
  path: Assets/Scripts/Impact
  artifactKey: Guid(4923ae6a129d5404aa1abcdd9566a9dd) Importer(815301076,1909f56bfc062723c751e8b465ee728b)
Start importing Assets/Scripts/Impact using Guid(4923ae6a129d5404aa1abcdd9566a9dd) Importer(815301076,1909f56bfc062723c751e8b465ee728b)  -> (artifact id: 'd3429bc339def6970400d0bdbc0b174c') in 0.014249 seconds 
========================================================================
Received Import Request.
  Time since last request: 11.262171 seconds.
  path: Assets/Scripts/Impact/ParticleSystem.cs
  artifactKey: Guid(e2429973e117b7a45bbe7dfe7b865c2e) Importer(815301076,1909f56bfc062723c751e8b465ee728b)
Start importing Assets/Scripts/Impact/ParticleSystem.cs using Guid(e2429973e117b7a45bbe7dfe7b865c2e) Importer(815301076,1909f56bfc062723c751e8b465ee728b)  -> (artifact id: '85a499f3eb0018ca9eb886c6d29ce499') in 0.008001 seconds 
========================================================================
Received Import Request.
  Time since last request: 120.591677 seconds.
  path: Assets/ExternalAssets/Low Poly FPS Pack - Free (Sample)/Components/Scripts/Weapon_Scripts/AutomaticGunScriptLPFP.cs
  artifactKey: Guid(dd38df9a0796d9842adfbe580ed6042e) Importer(815301076,1909f56bfc062723c751e8b465ee728b)
Start importing Assets/ExternalAssets/Low Poly FPS Pack - Free (Sample)/Components/Scripts/Weapon_Scripts/AutomaticGunScriptLPFP.cs using Guid(dd38df9a0796d9842adfbe580ed6042e) Importer(815301076,1909f56bfc062723c751e8b465ee728b)  -> (artifact id: '210b179224822117387687811250bc8e') in 0.008003 seconds 
