Using pre-set license
Built from '2021.3/staging' branch; Version is '2021.3.19f1 (c9714fde33b6) revision 13201743'; Using compiler version '192829333'; Build Type 'Release'
OS: 'Windows 10  (10.0.19045) 64bit Professional' Language: 'ko' Physical Memory: 16194 MB
BatchMode: 1, IsHumanControllingUs: 0, StartBugReporterOnCrash: 0, Is64bit: 1, IsPro: 1

COMMAND LINE ARGUMENTS:
C:\Program Files\Unity\Hub\Editor\2021.3.19f1\Editor\Unity.exe
-adb2
-batchMode
-noUpm
-name
AssetImportWorker0
-projectPath
C:/Users/SGA/Desktop/Unity3D_FPSPrototype/Unity3D_FPS
-logFile
Logs/AssetImportWorker0.log
-srvPort
50018
Successfully changed project path to: C:/Users/SGA/Desktop/Unity3D_FPSPrototype/Unity3D_FPS
C:/Users/SGA/Desktop/Unity3D_FPSPrototype/Unity3D_FPS
[UnityMemory] Configuration Parameters - Can be set up in boot.config
    "memorysetup-bucket-allocator-granularity=16"
    "memorysetup-bucket-allocator-bucket-count=8"
    "memorysetup-bucket-allocator-block-size=33554432"
    "memorysetup-bucket-allocator-block-count=8"
    "memorysetup-main-allocator-block-size=16777216"
    "memorysetup-thread-allocator-block-size=16777216"
    "memorysetup-gfx-main-allocator-block-size=16777216"
    "memorysetup-gfx-thread-allocator-block-size=16777216"
    "memorysetup-cache-allocator-block-size=4194304"
    "memorysetup-typetree-allocator-block-size=2097152"
    "memorysetup-profiler-bucket-allocator-granularity=16"
    "memorysetup-profiler-bucket-allocator-bucket-count=8"
    "memorysetup-profiler-bucket-allocator-block-size=33554432"
    "memorysetup-profiler-bucket-allocator-block-count=8"
    "memorysetup-profiler-allocator-block-size=16777216"
    "memorysetup-profiler-editor-allocator-block-size=1048576"
    "memorysetup-temp-allocator-size-main=16777216"
    "memorysetup-job-temp-allocator-block-size=2097152"
    "memorysetup-job-temp-allocator-block-size-background=1048576"
    "memorysetup-job-temp-allocator-reduction-small-platforms=262144"
    "memorysetup-temp-allocator-size-background-worker=32768"
    "memorysetup-temp-allocator-size-job-worker=262144"
    "memorysetup-temp-allocator-size-preload-manager=33554432"
    "memorysetup-temp-allocator-size-nav-mesh-worker=65536"
    "memorysetup-temp-allocator-size-audio-worker=65536"
    "memorysetup-temp-allocator-size-cloud-worker=32768"
    "memorysetup-temp-allocator-size-gi-baking-worker=262144"
    "memorysetup-temp-allocator-size-gfx=262144"
Player connection [8128] Host "[IP] 192.168.0.178 [Port] 0 [Flags] 2 [Guid] 3022911624 [EditorId] 3022911624 [Version] 1048832 [Id] WindowsEditor(7,DESKTOP-HQKDT44) [Debug] 1 [PackageName] WindowsEditor [ProjectName] Editor" joined multi-casting on [225.0.0.222:54997]...

Player connection [8128] Host "[IP] 192.168.0.178 [Port] 0 [Flags] 2 [Guid] 3022911624 [EditorId] 3022911624 [Version] 1048832 [Id] WindowsEditor(7,DESKTOP-HQKDT44) [Debug] 1 [PackageName] WindowsEditor [ProjectName] Editor" joined alternative multi-casting on [225.0.0.222:34997]...

Refreshing native plugins compatible for Editor in 56.60 ms, found 3 plugins.
Preloading 0 native plugins for Editor in 0.00 ms.
Initialize engine version: 2021.3.19f1 (c9714fde33b6)
[Subsystems] Discovering subsystems at path C:/Program Files/Unity/Hub/Editor/2021.3.19f1/Editor/Data/Resources/UnitySubsystems
[Subsystems] Discovering subsystems at path C:/Users/SGA/Desktop/Unity3D_FPSPrototype/Unity3D_FPS/Assets
GfxDevice: creating device client; threaded=0; jobified=0
Direct3D:
    Version:  Direct3D 11.0 [level 11.1]
    Renderer: NVIDIA GeForce GTX 1650 (ID=0x1f82)
    Vendor:   NVIDIA
    VRAM:     3949 MB
    Driver:   31.0.15.3623
Initialize mono
Mono path[0] = 'C:/Program Files/Unity/Hub/Editor/2021.3.19f1/Editor/Data/Managed'
Mono path[1] = 'C:/Program Files/Unity/Hub/Editor/2021.3.19f1/Editor/Data/MonoBleedingEdge/lib/mono/unityjit-win32'
Mono config path = 'C:/Program Files/Unity/Hub/Editor/2021.3.19f1/Editor/Data/MonoBleedingEdge/etc'
Using monoOptions --debugger-agent=transport=dt_socket,embedding=1,server=y,suspend=n,address=127.0.0.1:56816
Begin MonoManager ReloadAssembly
Registering precompiled unity dll's ...
Register platform support module: C:/Program Files/Unity/Hub/Editor/2021.3.19f1/Editor/Data/PlaybackEngines/WebGLSupport/UnityEditor.WebGL.Extensions.dll
Register platform support module: C:/Program Files/Unity/Hub/Editor/2021.3.19f1/Editor/Data/PlaybackEngines/WindowsStandaloneSupport/UnityEditor.WindowsStandalone.Extensions.dll
Registered in 0.128957 seconds.
Native extension for WindowsStandalone target not found
Native extension for WebGL target not found
Refreshing native plugins compatible for Editor in 63.53 ms, found 3 plugins.
Preloading 0 native plugins for Editor in 0.00 ms.
Mono: successfully reloaded assembly
- Completed reload, in  1.222 seconds
Domain Reload Profiling:
	ReloadAssembly (1222ms)
		BeginReloadAssembly (139ms)
			ExecutionOrderSort (0ms)
			DisableScriptedObjects (0ms)
			BackupInstance (0ms)
			ReleaseScriptingObjects (0ms)
			CreateAndSetChildDomain (1ms)
		EndReloadAssembly (698ms)
			LoadAssemblies (141ms)
			RebuildTransferFunctionScriptingTraits (0ms)
			SetupTypeCache (453ms)
			ReleaseScriptCaches (0ms)
			RebuildScriptCaches (18ms)
			SetupLoadedEditorAssemblies (186ms)
				LogAssemblyErrors (0ms)
				InitializePlatformSupportModulesInManaged (6ms)
				SetLoadedEditorAssemblies (0ms)
				RefreshPlugins (64ms)
				BeforeProcessingInitializeOnLoad (1ms)
				ProcessInitializeOnLoadAttributes (84ms)
				ProcessInitializeOnLoadMethodAttributes (31ms)
				AfterProcessingInitializeOnLoad (0ms)
				EditorAssembliesLoaded (0ms)
			ExecutionOrderSort2 (0ms)
			AwakeInstancesAfterBackupRestoration (0ms)
Platform modules already initialized, skipping
Registering precompiled user dll's ...
Registered in 0.002783 seconds.
Begin MonoManager ReloadAssembly
Symbol file LoadedFromMemory doesn't match image C:\Users\SGA\Desktop\Unity3D_FPSPrototype\Unity3D_FPS\Library\PackageCache\com.unity.visualscripting@1.8.0\Editor\VisualScripting.Core\Dependencies\YamlDotNet\Unity.VisualScripting.YamlDotNet.dll
Symbol file LoadedFromMemory doesn't match image C:\Users\SGA\Desktop\Unity3D_FPSPrototype\Unity3D_FPS\Library\PackageCache\com.unity.visualscripting@1.8.0\Editor\VisualScripting.Core\Dependencies\DotNetZip\Unity.VisualScripting.IonicZip.dll
Native extension for WindowsStandalone target not found
Native extension for WebGL target not found
Refreshing native plugins compatible for Editor in 0.37 ms, found 3 plugins.
Preloading 0 native plugins for Editor in 0.00 ms.
Mono: successfully reloaded assembly
- Completed reload, in  1.147 seconds
Domain Reload Profiling:
	ReloadAssembly (1147ms)
		BeginReloadAssembly (77ms)
			ExecutionOrderSort (0ms)
			DisableScriptedObjects (4ms)
			BackupInstance (0ms)
			ReleaseScriptingObjects (0ms)
			CreateAndSetChildDomain (14ms)
		EndReloadAssembly (991ms)
			LoadAssemblies (133ms)
			RebuildTransferFunctionScriptingTraits (0ms)
			SetupTypeCache (547ms)
			ReleaseScriptCaches (0ms)
			RebuildScriptCaches (33ms)
			SetupLoadedEditorAssemblies (254ms)
				LogAssemblyErrors (0ms)
				InitializePlatformSupportModulesInManaged (4ms)
				SetLoadedEditorAssemblies (0ms)
				RefreshPlugins (0ms)
				BeforeProcessingInitializeOnLoad (56ms)
				ProcessInitializeOnLoadAttributes (176ms)
				ProcessInitializeOnLoadMethodAttributes (13ms)
				AfterProcessingInitializeOnLoad (5ms)
				EditorAssembliesLoaded (0ms)
			ExecutionOrderSort2 (0ms)
			AwakeInstancesAfterBackupRestoration (4ms)
Platform modules already initialized, skipping
========================================================================
Worker process is ready to serve import requests
Launched and connected shader compiler UnityShaderCompiler.exe after 0.02 seconds
Refreshing native plugins compatible for Editor in 0.67 ms, found 3 plugins.
Preloading 0 native plugins for Editor in 0.00 ms.
Unloading 3306 Unused Serialized files (Serialized files now loaded: 0)
Unloading 36 unused Assets / (1.3 MB). Loaded Objects now: 3758.
Memory consumption went from 129.7 MB to 128.4 MB.
Total: 2.426600 ms (FindLiveObjects: 0.192500 ms CreateObjectMapping: 0.092000 ms MarkObjects: 1.940700 ms  DeleteObjects: 0.200300 ms)

AssetImportParameters requested are different than current active one (requested -> active):
  custom:video-decoder-ogg-theora: a1e56fd34408186e4bbccfd4996cb3dc -> 
  custom:container-muxer-webm: aa71ff27fc2769a1b78a27578f13a17b -> 
  custom:container-demuxer-webm: 4f35f7cbe854078d1ac9338744f61a02 -> 
  custom:video-encoder-webm-vp8: eb34c28f22e8b96e1ab97ce403110664 -> 
  custom:audio-encoder-webm-vorbis: bf7c407c2cedff20999df2af8eb42d56 -> 
  custom:framework-win-MediaFoundation: 216162199b28c13a410421893ffa2e32 -> 
  custom:container-demuxer-ogg: 62fdf1f143b41e24485cea50d1cbac27 -> 
  custom:video-decoder-webm-vp8: 9c59270c3fd7afecdb556c50c9e8de78 -> 
  custom:audio-decoder-ogg-vorbis: bf7c407c2cedff20999df2af8eb42d56 -> 
========================================================================
Received Import Request.
  Time since last request: 7411.603618 seconds.
  path: Assets/FollowMinimapTarget.cs
  artifactKey: Guid(d9c91607d2267644fae5d9ca7ed34430) Importer(815301076,1909f56bfc062723c751e8b465ee728b)
Start importing Assets/FollowMinimapTarget.cs using Guid(d9c91607d2267644fae5d9ca7ed34430) Importer(815301076,1909f56bfc062723c751e8b465ee728b)  -> (artifact id: 'd7cebab27e29f879e635839e169c3911') in 0.037196 seconds 
========================================================================
Received Import Request.
  Time since last request: 2.767307 seconds.
  path: Assets/Scripts/MiniMap
  artifactKey: Guid(186490967f75a524c9729cd4a867afe2) Importer(815301076,1909f56bfc062723c751e8b465ee728b)
Start importing Assets/Scripts/MiniMap using Guid(186490967f75a524c9729cd4a867afe2) Importer(815301076,1909f56bfc062723c751e8b465ee728b)  -> (artifact id: '2f698b0f1efa398ec8de606e85a649f8') in 0.008163 seconds 
========================================================================
Received Import Request.
  Time since last request: 5.232043 seconds.
  path: Assets/MiniMapUI.cs
  artifactKey: Guid(cdf4778bb16844941b6e8e02328297a3) Importer(815301076,1909f56bfc062723c751e8b465ee728b)
Start importing Assets/MiniMapUI.cs using Guid(cdf4778bb16844941b6e8e02328297a3) Importer(815301076,1909f56bfc062723c751e8b465ee728b)  -> (artifact id: 'a9c5584000bab6e3e355367a9816ff2b') in 0.009776 seconds 
========================================================================
Received Import Request.
  Time since last request: 9.045901 seconds.
  path: Assets/Scripts/UI/HeartbeatRateEffectController.cs
  artifactKey: Guid(01b1110740d80c44ebf14407658a2408) Importer(815301076,1909f56bfc062723c751e8b465ee728b)
Start importing Assets/Scripts/UI/HeartbeatRateEffectController.cs using Guid(01b1110740d80c44ebf14407658a2408) Importer(815301076,1909f56bfc062723c751e8b465ee728b)  -> (artifact id: '2c8dfaeeb8974183764ef25762fe2f4c') in 0.007750 seconds 
========================================================================
Received Import Request.
  Time since last request: 8.569984 seconds.
  path: Assets/TextMesh Pro/Documentation
  artifactKey: Guid(8e7e8f5a82a3a134e91c54efd2274ea9) Importer(815301076,1909f56bfc062723c751e8b465ee728b)
Start importing Assets/TextMesh Pro/Documentation using Guid(8e7e8f5a82a3a134e91c54efd2274ea9) Importer(815301076,1909f56bfc062723c751e8b465ee728b)  -> (artifact id: '365e95d1c1490fa81b8510ec77c394a2') in 0.008971 seconds 
========================================================================
Received Import Request.
  Time since last request: 14.298715 seconds.
  path: Assets/Grenade Sound FX/Different sounds/Impact on Concrete.wav
  artifactKey: Guid(64baa1f44691afc42a584e482cd9a27d) Importer(815301076,1909f56bfc062723c751e8b465ee728b)
Start importing Assets/Grenade Sound FX/Different sounds/Impact on Concrete.wav using Guid(64baa1f44691afc42a584e482cd9a27d) Importer(815301076,1909f56bfc062723c751e8b465ee728b)  -> (artifact id: 'a5d649999a5f26604f0c7c5b964fc18c') in 0.111773 seconds 
========================================================================
Received Import Request.
  Time since last request: 0.307213 seconds.
  path: Assets/Grenade Sound FX/Different sounds/Impact on Dirt.wav
  artifactKey: Guid(fa16bd6cbe8bcba40ad0f5c9644c9607) Importer(815301076,1909f56bfc062723c751e8b465ee728b)
Start importing Assets/Grenade Sound FX/Different sounds/Impact on Dirt.wav using Guid(fa16bd6cbe8bcba40ad0f5c9644c9607) Importer(815301076,1909f56bfc062723c751e8b465ee728b)  -> (artifact id: '5c306af3d0050bf2de0ffe8e3e4d679f') in 0.011380 seconds 
========================================================================
Received Import Request.
  Time since last request: 0.273096 seconds.
  path: Assets/Grenade Sound FX/Different sounds/Impact on Metal.wav
  artifactKey: Guid(738e3bff6c9edfe409dcb5b68d82d66a) Importer(815301076,1909f56bfc062723c751e8b465ee728b)
Start importing Assets/Grenade Sound FX/Different sounds/Impact on Metal.wav using Guid(738e3bff6c9edfe409dcb5b68d82d66a) Importer(815301076,1909f56bfc062723c751e8b465ee728b)  -> (artifact id: '4fb6b43efde4f301b14eb1d642d218f9') in 0.010146 seconds 
========================================================================
Received Import Request.
  Time since last request: 19.171343 seconds.
  path: Assets/_Resources/Dark MainMenu
  artifactKey: Guid(4d17bda2119bcad438448f8c3ffcc059) Importer(815301076,1909f56bfc062723c751e8b465ee728b)
Start importing Assets/_Resources/Dark MainMenu using Guid(4d17bda2119bcad438448f8c3ffcc059) Importer(815301076,1909f56bfc062723c751e8b465ee728b)  -> (artifact id: '28f0d58068997919b4c30073fce0f56f') in 0.009620 seconds 
========================================================================
Received Import Request.
  Time since last request: 11.462065 seconds.
  path: Assets/Textures
  artifactKey: Guid(e894c485fb0dd314fa742b7df6269c5e) Importer(815301076,1909f56bfc062723c751e8b465ee728b)
Start importing Assets/Textures using Guid(e894c485fb0dd314fa742b7df6269c5e) Importer(815301076,1909f56bfc062723c751e8b465ee728b)  -> (artifact id: '620c946ed9e19e10a1f743b6136fae66') in 0.009719 seconds 
========================================================================
Received Import Request.
  Time since last request: 13.787771 seconds.
  path: Assets/Textures/ExTexture
  artifactKey: Guid(4f9bef41bca950049b41248f6343c76e) Importer(815301076,1909f56bfc062723c751e8b465ee728b)
Start importing Assets/Textures/ExTexture using Guid(4f9bef41bca950049b41248f6343c76e) Importer(815301076,1909f56bfc062723c751e8b465ee728b)  -> (artifact id: '9d7b4aba945636e3b15c2adb1fe51720') in 0.008085 seconds 
========================================================================
Received Import Request.
  Time since last request: 13.516891 seconds.
  path: Assets/Textures/_Resources/Dark MainMenu/Fonts
  artifactKey: Guid(fa232b52df442694cb6f0f29919b8634) Importer(815301076,1909f56bfc062723c751e8b465ee728b)
Start importing Assets/Textures/_Resources/Dark MainMenu/Fonts using Guid(fa232b52df442694cb6f0f29919b8634) Importer(815301076,1909f56bfc062723c751e8b465ee728b)  -> (artifact id: 'e5643a21591649162714fc4d2d4cbc29') in 0.009084 seconds 
========================================================================
Received Import Request.
  Time since last request: 1.348740 seconds.
  path: Assets/Textures/_Resources/Dark MainMenu/Fonts/Eordeoghlakat.ttf
  artifactKey: Guid(5120a60382960644c88b874613156e90) Importer(815301076,1909f56bfc062723c751e8b465ee728b)
Start importing Assets/Textures/_Resources/Dark MainMenu/Fonts/Eordeoghlakat.ttf using Guid(5120a60382960644c88b874613156e90) Importer(815301076,1909f56bfc062723c751e8b465ee728b)  -> (artifact id: 'fb314fa42ae3b80fab56e46d722e0562') in 0.060522 seconds 
========================================================================
Received Import Request.
  Time since last request: 0.471733 seconds.
  path: Assets/Textures/_Resources/Dark MainMenu/Fonts/Readme.txt
  artifactKey: Guid(57c879d9da7399f4ca0af3afd7c1d005) Importer(815301076,1909f56bfc062723c751e8b465ee728b)
Start importing Assets/Textures/_Resources/Dark MainMenu/Fonts/Readme.txt using Guid(57c879d9da7399f4ca0af3afd7c1d005) Importer(815301076,1909f56bfc062723c751e8b465ee728b)  -> (artifact id: '9fc33f89ebf3fdc9bdc58149cd16c695') in 0.011996 seconds 
========================================================================
Received Import Request.
  Time since last request: 33.685515 seconds.
  path: Assets/Textures/UI pack/Fonts/ProductSans-Regular.ttf
  artifactKey: Guid(a4f32b2c8e673a441a4a26270fe53e05) Importer(815301076,1909f56bfc062723c751e8b465ee728b)
Start importing Assets/Textures/UI pack/Fonts/ProductSans-Regular.ttf using Guid(a4f32b2c8e673a441a4a26270fe53e05) Importer(815301076,1909f56bfc062723c751e8b465ee728b)  -> (artifact id: 'ce42983018dc866a87c55f1a2c3a0145') in 0.027817 seconds 
========================================================================
Received Import Request.
  Time since last request: 0.000020 seconds.
  path: Assets/Textures/UI pack/Fonts/Roboto-Thin.ttf
  artifactKey: Guid(4ec97b8fea68bd144a1413dc60231502) Importer(815301076,1909f56bfc062723c751e8b465ee728b)
Start importing Assets/Textures/UI pack/Fonts/Roboto-Thin.ttf using Guid(4ec97b8fea68bd144a1413dc60231502) Importer(815301076,1909f56bfc062723c751e8b465ee728b)  -> (artifact id: '965a24c8efd32ba482c0e4e497c7837b') in 0.045978 seconds 
========================================================================
Received Import Request.
  Time since last request: 14.820473 seconds.
  path: Assets/Textures/_Resources/Dark MainMenu/Fonts/Eordeoghlakat SDF.asset
  artifactKey: Guid(db27084df7e4b6e4b98e1c9181beffad) Importer(815301076,1909f56bfc062723c751e8b465ee728b)
Start importing Assets/Textures/_Resources/Dark MainMenu/Fonts/Eordeoghlakat SDF.asset using Guid(db27084df7e4b6e4b98e1c9181beffad) Importer(815301076,1909f56bfc062723c751e8b465ee728b)  -> (artifact id: '1afe21591106c80a62a1e43b8d493d4c') in 0.032518 seconds 
========================================================================
Received Import Request.
  Time since last request: 17.883781 seconds.
  path: Assets/Textures/_Resources/Dark MainMenu/Prefab/Character.prefab
  artifactKey: Guid(9f966e37e82100844a32fe95c7f62556) Importer(815301076,1909f56bfc062723c751e8b465ee728b)
Start importing Assets/Textures/_Resources/Dark MainMenu/Prefab/Character.prefab using Guid(9f966e37e82100844a32fe95c7f62556) Importer(815301076,1909f56bfc062723c751e8b465ee728b)  -> (artifact id: '77e32910266ecda28017ab0948c668e4') in 0.014896 seconds 
========================================================================
Received Import Request.
  Time since last request: 0.572155 seconds.
  path: Assets/Textures/_Resources/Dark MainMenu/Prefab/Main_Menu.prefab
  artifactKey: Guid(d7df848c3f6883c4383a51a4f18860af) Importer(815301076,1909f56bfc062723c751e8b465ee728b)
Start importing Assets/Textures/_Resources/Dark MainMenu/Prefab/Main_Menu.prefab using Guid(d7df848c3f6883c4383a51a4f18860af) Importer(815301076,1909f56bfc062723c751e8b465ee728b)  -> (artifact id: 'c9751338caf11903d05a48d178471aa5') in 0.026973 seconds 
========================================================================
Received Import Request.
  Time since last request: 1.840925 seconds.
  path: Assets/Textures/_Resources/Dark MainMenu/Prefab/Pause_Menu.prefab
  artifactKey: Guid(7e5f492315d4e1c48bfcfcc978cf90e0) Importer(815301076,1909f56bfc062723c751e8b465ee728b)
Start importing Assets/Textures/_Resources/Dark MainMenu/Prefab/Pause_Menu.prefab using Guid(7e5f492315d4e1c48bfcfcc978cf90e0) Importer(815301076,1909f56bfc062723c751e8b465ee728b)  -> (artifact id: '2cc5268891eaa3cc889ffe82aeb611bb') in 0.017545 seconds 
========================================================================
Received Import Request.
  Time since last request: 8.641019 seconds.
  path: Assets/Textures/_Resources/Dark MainMenu/Resources/Textures
  artifactKey: Guid(47ae5117b9060a347b85a657142e0507) Importer(815301076,1909f56bfc062723c751e8b465ee728b)
Start importing Assets/Textures/_Resources/Dark MainMenu/Resources/Textures using Guid(47ae5117b9060a347b85a657142e0507) Importer(815301076,1909f56bfc062723c751e8b465ee728b)  -> (artifact id: '780f94dcc0d99fcf77b130db2231d7f2') in 0.002316 seconds 
========================================================================
Received Import Request.
  Time since last request: 1.626883 seconds.
  path: Assets/Textures/_Resources/Dark MainMenu/Resources/GameSounds/Music
  artifactKey: Guid(e47f7fe124c5111498dc1ab10efb5be4) Importer(815301076,1909f56bfc062723c751e8b465ee728b)
Start importing Assets/Textures/_Resources/Dark MainMenu/Resources/GameSounds/Music using Guid(e47f7fe124c5111498dc1ab10efb5be4) Importer(815301076,1909f56bfc062723c751e8b465ee728b)  -> (artifact id: '9cb66037c7eee2b623b9375eb8cc3568') in 0.009665 seconds 
========================================================================
Received Import Request.
  Time since last request: 4.650354 seconds.
  path: Assets/Textures/_Resources/Dark MainMenu/Resources/Textures/Arrow.png
  artifactKey: Guid(f2e8f6cdc4b4d8d4495f7b32f1b7acd3) Importer(815301076,1909f56bfc062723c751e8b465ee728b)
Start importing Assets/Textures/_Resources/Dark MainMenu/Resources/Textures/Arrow.png using Guid(f2e8f6cdc4b4d8d4495f7b32f1b7acd3) Importer(815301076,1909f56bfc062723c751e8b465ee728b)  -> (artifact id: '92276c87617425f318138fdb106dd8d3') in 0.024814 seconds 
========================================================================
Received Import Request.
  Time since last request: 0.398934 seconds.
  path: Assets/Textures/_Resources/Dark MainMenu/Resources/Textures/Background.png
  artifactKey: Guid(83213aa3a3e42f64fbe03ff7f62b3cf0) Importer(815301076,1909f56bfc062723c751e8b465ee728b)
Start importing Assets/Textures/_Resources/Dark MainMenu/Resources/Textures/Background.png using Guid(83213aa3a3e42f64fbe03ff7f62b3cf0) Importer(815301076,1909f56bfc062723c751e8b465ee728b)  -> (artifact id: '6c45ccf4ddd409be79872fa30a6ddd18') in 0.211449 seconds 
========================================================================
Received Import Request.
  Time since last request: 0.549328 seconds.
  path: Assets/Textures/_Resources/Dark MainMenu/Resources/Textures/Box.png
  artifactKey: Guid(8cc754e3fcd97394bb5c1ef415d8b5a9) Importer(815301076,1909f56bfc062723c751e8b465ee728b)
Start importing Assets/Textures/_Resources/Dark MainMenu/Resources/Textures/Box.png using Guid(8cc754e3fcd97394bb5c1ef415d8b5a9) Importer(815301076,1909f56bfc062723c751e8b465ee728b)  -> (artifact id: '871aebd7b9d34c5409cbfe64e6e483e1') in 0.012264 seconds 
========================================================================
Received Import Request.
  Time since last request: 1.073352 seconds.
  path: Assets/Textures/_Resources/Dark MainMenu/Resources/Textures/Box_1.png
  artifactKey: Guid(e15d72847ed567c47bd308c2c807ba4d) Importer(815301076,1909f56bfc062723c751e8b465ee728b)
Start importing Assets/Textures/_Resources/Dark MainMenu/Resources/Textures/Box_1.png using Guid(e15d72847ed567c47bd308c2c807ba4d) Importer(815301076,1909f56bfc062723c751e8b465ee728b)  -> (artifact id: 'd416d45c0a70db5f8d9b22f5bb6b0dde') in 0.014646 seconds 
========================================================================
Received Import Request.
  Time since last request: 2.917601 seconds.
  path: Assets/Textures/_Resources/Dark MainMenu/Resources/Textures/box_mini.png
  artifactKey: Guid(feb764488f6656d47bf9e8c472be0286) Importer(815301076,1909f56bfc062723c751e8b465ee728b)
Start importing Assets/Textures/_Resources/Dark MainMenu/Resources/Textures/box_mini.png using Guid(feb764488f6656d47bf9e8c472be0286) Importer(815301076,1909f56bfc062723c751e8b465ee728b)  -> (artifact id: '79bd95bc40bae72a9149db73c52908e0') in 0.013330 seconds 
========================================================================
Received Import Request.
  Time since last request: 1.067113 seconds.
  path: Assets/Textures/_Resources/Dark MainMenu/Resources/Textures/Loading.png
  artifactKey: Guid(bf9c0e6020706ce4ab202979ed75e99d) Importer(815301076,1909f56bfc062723c751e8b465ee728b)
Start importing Assets/Textures/_Resources/Dark MainMenu/Resources/Textures/Loading.png using Guid(bf9c0e6020706ce4ab202979ed75e99d) Importer(815301076,1909f56bfc062723c751e8b465ee728b)  -> (artifact id: 'b687635cbabddee0ba4ac6c05cf21fc9') in 0.028473 seconds 
========================================================================
Received Import Request.
  Time since last request: 0.820687 seconds.
  path: Assets/Textures/_Resources/Dark MainMenu/Resources/Textures/Logo.png
  artifactKey: Guid(88bc9e139cb90b343af25703fa2ca43c) Importer(815301076,1909f56bfc062723c751e8b465ee728b)
Start importing Assets/Textures/_Resources/Dark MainMenu/Resources/Textures/Logo.png using Guid(88bc9e139cb90b343af25703fa2ca43c) Importer(815301076,1909f56bfc062723c751e8b465ee728b)  -> (artifact id: 'c4ccbc23766685c1d30305dd4d9bf0a7') in 0.033147 seconds 
========================================================================
Received Import Request.
  Time since last request: 1.242785 seconds.
  path: Assets/Textures/_Resources/Dark MainMenu/Resources/Textures/Mark.png
  artifactKey: Guid(7f0288b966b5ff5479150fadee66bb1e) Importer(815301076,1909f56bfc062723c751e8b465ee728b)
Start importing Assets/Textures/_Resources/Dark MainMenu/Resources/Textures/Mark.png using Guid(7f0288b966b5ff5479150fadee66bb1e) Importer(815301076,1909f56bfc062723c751e8b465ee728b)  -> (artifact id: '11258f7dda6a1af03492e3483233b753') in 0.011069 seconds 
========================================================================
Received Import Request.
  Time since last request: 0.568738 seconds.
  path: Assets/Textures/_Resources/Dark MainMenu/Resources/Textures/MarkX.png
  artifactKey: Guid(1b4e44be8dbc99d46b9e64f85224ffbb) Importer(815301076,1909f56bfc062723c751e8b465ee728b)
Start importing Assets/Textures/_Resources/Dark MainMenu/Resources/Textures/MarkX.png using Guid(1b4e44be8dbc99d46b9e64f85224ffbb) Importer(815301076,1909f56bfc062723c751e8b465ee728b)  -> (artifact id: '03672993b2bedfdc0a366d733e5c4708') in 0.011945 seconds 
========================================================================
Received Import Request.
  Time since last request: 0.457894 seconds.
  path: Assets/Textures/_Resources/Dark MainMenu/Resources/Textures/Particle_1.png
  artifactKey: Guid(df6b60631a2d26c41abf0ef4835bb8bc) Importer(815301076,1909f56bfc062723c751e8b465ee728b)
Start importing Assets/Textures/_Resources/Dark MainMenu/Resources/Textures/Particle_1.png using Guid(df6b60631a2d26c41abf0ef4835bb8bc) Importer(815301076,1909f56bfc062723c751e8b465ee728b)  -> (artifact id: 'e14df14515cb0b85a1b9ce3933e1c83c') in 0.010833 seconds 
========================================================================
Received Import Request.
  Time since last request: 0.488883 seconds.
  path: Assets/Textures/_Resources/Dark MainMenu/Resources/Textures/Select.png
  artifactKey: Guid(7f03baccdc502814486dc964ef8120ff) Importer(815301076,1909f56bfc062723c751e8b465ee728b)
Start importing Assets/Textures/_Resources/Dark MainMenu/Resources/Textures/Select.png using Guid(7f03baccdc502814486dc964ef8120ff) Importer(815301076,1909f56bfc062723c751e8b465ee728b)  -> (artifact id: '27869fba082dbfa43770511b9fca2384') in 0.021982 seconds 
========================================================================
Received Import Request.
  Time since last request: 1.078566 seconds.
  path: Assets/Textures/_Resources/Dark MainMenu/Resources/Textures/select_1.png
  artifactKey: Guid(fa9705db33d77dc49966c25591e0a1e3) Importer(815301076,1909f56bfc062723c751e8b465ee728b)
Start importing Assets/Textures/_Resources/Dark MainMenu/Resources/Textures/select_1.png using Guid(fa9705db33d77dc49966c25591e0a1e3) Importer(815301076,1909f56bfc062723c751e8b465ee728b)  -> (artifact id: 'bf71817eee916ab21d739092b7e49462') in 0.012729 seconds 
========================================================================
Received Import Request.
  Time since last request: 1.791389 seconds.
  path: Assets/Textures/_Resources/Dark MainMenu/Resources/Textures/Smoke_Main.png
  artifactKey: Guid(86e16ed7296024f478ec2974c881c9ba) Importer(815301076,1909f56bfc062723c751e8b465ee728b)
Start importing Assets/Textures/_Resources/Dark MainMenu/Resources/Textures/Smoke_Main.png using Guid(86e16ed7296024f478ec2974c881c9ba) Importer(815301076,1909f56bfc062723c751e8b465ee728b)  -> (artifact id: 'c9f43eb48a3d28707729de4c04ef493f') in 0.013106 seconds 
========================================================================
Received Import Request.
  Time since last request: 0.591678 seconds.
  path: Assets/Textures/_Resources/Dark MainMenu/Resources/Textures/Show.png
  artifactKey: Guid(b426703703eb39f468387cb171e812d3) Importer(815301076,1909f56bfc062723c751e8b465ee728b)
Start importing Assets/Textures/_Resources/Dark MainMenu/Resources/Textures/Show.png using Guid(b426703703eb39f468387cb171e812d3) Importer(815301076,1909f56bfc062723c751e8b465ee728b)  -> (artifact id: '48481c0fa39ff1f1e63315bb376a1b7e') in 0.015519 seconds 
========================================================================
Received Import Request.
  Time since last request: 98.037865 seconds.
  path: Assets/Textures/_Resources/Dark MainMenu/Resources/Textures/Panel Frame.png
  artifactKey: Guid(25d4afee4cc00244a96b3d0791ec9d22) Importer(815301076,1909f56bfc062723c751e8b465ee728b)
Start importing Assets/Textures/_Resources/Dark MainMenu/Resources/Textures/Panel Frame.png using Guid(25d4afee4cc00244a96b3d0791ec9d22) Importer(815301076,1909f56bfc062723c751e8b465ee728b)  -> (artifact id: '02660dd701f566ffaf2e0663f8f20e0d') in 0.062557 seconds 
========================================================================
Received Import Request.
  Time since last request: 3.224610 seconds.
  path: Assets/Textures/_Resources/Dark MainMenu/Resources/Textures/Load.png
  artifactKey: Guid(96bb4c8fb37a3474f9d554780f407fea) Importer(815301076,1909f56bfc062723c751e8b465ee728b)
Start importing Assets/Textures/_Resources/Dark MainMenu/Resources/Textures/Load.png using Guid(96bb4c8fb37a3474f9d554780f407fea) Importer(815301076,1909f56bfc062723c751e8b465ee728b)  -> (artifact id: 'd07d89bcadfa8986f6eeca753d8b7725') in 0.238660 seconds 
========================================================================
Received Import Request.
  Time since last request: 3.302213 seconds.
  path: Assets/Textures/_Resources/Dark MainMenu/Resources/Textures/PSD
  artifactKey: Guid(93b344f060baaae48869d46791d74913) Importer(815301076,1909f56bfc062723c751e8b465ee728b)
Start importing Assets/Textures/_Resources/Dark MainMenu/Resources/Textures/PSD using Guid(93b344f060baaae48869d46791d74913) Importer(815301076,1909f56bfc062723c751e8b465ee728b)  -> (artifact id: 'aba731d42c065535d1b43e94cccd3caf') in 0.008896 seconds 
========================================================================
Received Import Request.
  Time since last request: 2.320479 seconds.
  path: Assets/Textures/_Resources/Dark MainMenu/Resources/Textures/PSD/box.psd
  artifactKey: Guid(bc7a3b7ba0e75154aa71802b5880f1be) Importer(815301076,1909f56bfc062723c751e8b465ee728b)
Start importing Assets/Textures/_Resources/Dark MainMenu/Resources/Textures/PSD/box.psd using Guid(bc7a3b7ba0e75154aa71802b5880f1be) Importer(815301076,1909f56bfc062723c751e8b465ee728b)  -> (artifact id: 'be8d6ceb7ece03aea06ef84ddc1b3404') in 0.013264 seconds 
========================================================================
Received Import Request.
  Time since last request: 14.108013 seconds.
  path: Assets/Textures/_Resources/Dark MainMenu/Scene/Level_1.unity
  artifactKey: Guid(0cac27da7cfb22d4fbd9992debe52e90) Importer(815301076,1909f56bfc062723c751e8b465ee728b)
Start importing Assets/Textures/_Resources/Dark MainMenu/Scene/Level_1.unity using Guid(0cac27da7cfb22d4fbd9992debe52e90) Importer(815301076,1909f56bfc062723c751e8b465ee728b)  -> (artifact id: 'c1205c645b03c6972d72b810f6c69fd2') in 0.010447 seconds 
========================================================================
Received Import Request.
  Time since last request: 13.783630 seconds.
  path: Assets/Textures/_Resources/Dark MainMenu/Resources/Textures/PSD/LogoPSD.psd
  artifactKey: Guid(4a4c84a91f7df44478d1a61d8c8e1d0f) Importer(815301076,1909f56bfc062723c751e8b465ee728b)
Start importing Assets/Textures/_Resources/Dark MainMenu/Resources/Textures/PSD/LogoPSD.psd using Guid(4a4c84a91f7df44478d1a61d8c8e1d0f) Importer(815301076,1909f56bfc062723c751e8b465ee728b)  -> (artifact id: '241136cb1291f301f4c4d43a365f3066') in 0.031256 seconds 
========================================================================
Received Import Request.
  Time since last request: 0.795928 seconds.
  path: Assets/Textures/_Resources/Dark MainMenu/Resources/Textures/PSD/Panel Frame.psd
  artifactKey: Guid(3e60833581cd6454db491e80a3d28e38) Importer(815301076,1909f56bfc062723c751e8b465ee728b)
Start importing Assets/Textures/_Resources/Dark MainMenu/Resources/Textures/PSD/Panel Frame.psd using Guid(3e60833581cd6454db491e80a3d28e38) Importer(815301076,1909f56bfc062723c751e8b465ee728b)  -> (artifact id: '90ac7d0a6c7b4f8721febdf49a823d01') in 0.011999 seconds 
========================================================================
Received Import Request.
  Time since last request: 706.386357 seconds.
  path: Assets/Study/SoundManagerStudy
  artifactKey: Guid(e18748acb577df14891612f0a9f82925) Importer(815301076,1909f56bfc062723c751e8b465ee728b)
Start importing Assets/Study/SoundManagerStudy using Guid(e18748acb577df14891612f0a9f82925) Importer(815301076,1909f56bfc062723c751e8b465ee728b)  -> (artifact id: 'c3e5021a8b89eed866521ce78078e74f') in 0.010152 seconds 
========================================================================
Received Import Request.
  Time since last request: 5.839056 seconds.
  path: Assets/Study/SoundManagerStudy/Enemy.cs
  artifactKey: Guid(5c92fc24c85ad7c4e925ca90be207587) Importer(815301076,1909f56bfc062723c751e8b465ee728b)
Start importing Assets/Study/SoundManagerStudy/Enemy.cs using Guid(5c92fc24c85ad7c4e925ca90be207587) Importer(815301076,1909f56bfc062723c751e8b465ee728b)  -> (artifact id: '8b55c93a5d53528e59998cc6017467f6') in 0.009440 seconds 
========================================================================
Received Import Request.
  Time since last request: 0.565584 seconds.
  path: Assets/Study/SoundManagerStudy/Player.cs
  artifactKey: Guid(45f0f809949e9114aa847da087f0be30) Importer(815301076,1909f56bfc062723c751e8b465ee728b)
Start importing Assets/Study/SoundManagerStudy/Player.cs using Guid(45f0f809949e9114aa847da087f0be30) Importer(815301076,1909f56bfc062723c751e8b465ee728b)  -> (artifact id: 'e09c97aee5b904b4cbfcbf9dc087bae0') in 0.008693 seconds 
========================================================================
Received Import Request.
  Time since last request: 0.371739 seconds.
  path: Assets/Study/SoundManagerStudy/ISoundManager.cs
  artifactKey: Guid(c1d261f981f1e1f4691c870cd2ce655a) Importer(815301076,1909f56bfc062723c751e8b465ee728b)
Start importing Assets/Study/SoundManagerStudy/ISoundManager.cs using Guid(c1d261f981f1e1f4691c870cd2ce655a) Importer(815301076,1909f56bfc062723c751e8b465ee728b)  -> (artifact id: '8a7f21f2e226c51084262073bab7ed03') in 0.008844 seconds 
========================================================================
Received Import Request.
  Time since last request: 1.739101 seconds.
  path: Assets/Study
  artifactKey: Guid(cdbb58d089aa99b46993b99836f5585e) Importer(815301076,1909f56bfc062723c751e8b465ee728b)
Start importing Assets/Study using Guid(cdbb58d089aa99b46993b99836f5585e) Importer(815301076,1909f56bfc062723c751e8b465ee728b)  -> (artifact id: '5c12a63014c791237ca06da603afc723') in 0.008799 seconds 
========================================================================
Received Import Request.
  Time since last request: 140.116693 seconds.
  path: Assets/Scripts/AudioSoundManager.cs
  artifactKey: Guid(609cc2048c029db46a63596404c65ce7) Importer(815301076,1909f56bfc062723c751e8b465ee728b)
Start importing Assets/Scripts/AudioSoundManager.cs using Guid(609cc2048c029db46a63596404c65ce7) Importer(815301076,1909f56bfc062723c751e8b465ee728b)  -> (artifact id: '04c011c191e79c2244db96cd813aad16') in 0.008210 seconds 
========================================================================
Received Import Request.
  Time since last request: 12.227464 seconds.
  path: Assets/Scripts/AudioSoundManager.cs
  artifactKey: Guid(609cc2048c029db46a63596404c65ce7) Importer(815301076,1909f56bfc062723c751e8b465ee728b)
Start importing Assets/Scripts/AudioSoundManager.cs using Guid(609cc2048c029db46a63596404c65ce7) Importer(815301076,1909f56bfc062723c751e8b465ee728b)  -> (artifact id: '0e0eebfc7f253ad8c930b49b5585c744') in 0.001606 seconds 
========================================================================
Received Prepare
Registering precompiled user dll's ...
Registered in 0.003837 seconds.
Begin MonoManager ReloadAssembly
Symbol file LoadedFromMemory doesn't match image C:\Users\SGA\Desktop\Unity3D_FPSPrototype\Unity3D_FPS\Library\PackageCache\com.unity.visualscripting@1.8.0\Editor\VisualScripting.Core\Dependencies\YamlDotNet\Unity.VisualScripting.YamlDotNet.dll
Symbol file LoadedFromMemory doesn't match image C:\Users\SGA\Desktop\Unity3D_FPSPrototype\Unity3D_FPS\Library\PackageCache\com.unity.visualscripting@1.8.0\Editor\VisualScripting.Core\Dependencies\DotNetZip\Unity.VisualScripting.IonicZip.dll
Native extension for WindowsStandalone target not found
Native extension for WebGL target not found
Refreshing native plugins compatible for Editor in 0.52 ms, found 3 plugins.
Preloading 0 native plugins for Editor in 0.00 ms.
Mono: successfully reloaded assembly
- Completed reload, in  0.694 seconds
Domain Reload Profiling:
	ReloadAssembly (695ms)
		BeginReloadAssembly (97ms)
			ExecutionOrderSort (0ms)
			DisableScriptedObjects (3ms)
			BackupInstance (0ms)
			ReleaseScriptingObjects (0ms)
			CreateAndSetChildDomain (29ms)
		EndReloadAssembly (531ms)
			LoadAssemblies (53ms)
			RebuildTransferFunctionScriptingTraits (0ms)
			SetupTypeCache (196ms)
			ReleaseScriptCaches (1ms)
			RebuildScriptCaches (28ms)
			SetupLoadedEditorAssemblies (220ms)
				LogAssemblyErrors (0ms)
				InitializePlatformSupportModulesInManaged (10ms)
				SetLoadedEditorAssemblies (0ms)
				RefreshPlugins (1ms)
				BeforeProcessingInitializeOnLoad (49ms)
				ProcessInitializeOnLoadAttributes (139ms)
				ProcessInitializeOnLoadMethodAttributes (15ms)
				AfterProcessingInitializeOnLoad (6ms)
				EditorAssembliesLoaded (0ms)
			ExecutionOrderSort2 (0ms)
			AwakeInstancesAfterBackupRestoration (7ms)
Platform modules already initialized, skipping
Refreshing native plugins compatible for Editor in 1.54 ms, found 3 plugins.
Preloading 0 native plugins for Editor in 0.00 ms.
Unloading 3255 Unused Serialized files (Serialized files now loaded: 0)
Unloading 36 unused Assets / (1.3 MB). Loaded Objects now: 3829.
Memory consumption went from 130.1 MB to 128.8 MB.
Total: 2.151300 ms (FindLiveObjects: 0.172500 ms CreateObjectMapping: 0.077900 ms MarkObjects: 1.665500 ms  DeleteObjects: 0.234400 ms)

AssetImportParameters requested are different than current active one (requested -> active):
  custom:video-decoder-ogg-theora: a1e56fd34408186e4bbccfd4996cb3dc -> 
  custom:container-muxer-webm: aa71ff27fc2769a1b78a27578f13a17b -> 
  custom:container-demuxer-webm: 4f35f7cbe854078d1ac9338744f61a02 -> 
  custom:video-encoder-webm-vp8: eb34c28f22e8b96e1ab97ce403110664 -> 
  custom:audio-encoder-webm-vorbis: bf7c407c2cedff20999df2af8eb42d56 -> 
  custom:framework-win-MediaFoundation: 216162199b28c13a410421893ffa2e32 -> 
  custom:container-demuxer-ogg: 62fdf1f143b41e24485cea50d1cbac27 -> 
  custom:video-decoder-webm-vp8: 9c59270c3fd7afecdb556c50c9e8de78 -> 
  custom:audio-decoder-ogg-vorbis: bf7c407c2cedff20999df2af8eb42d56 -> 
========================================================================
Received Import Request.
  Time since last request: 110.706813 seconds.
  path: Assets/Scripts/AudioSoundManager.cs
  artifactKey: Guid(609cc2048c029db46a63596404c65ce7) Importer(815301076,1909f56bfc062723c751e8b465ee728b)
Start importing Assets/Scripts/AudioSoundManager.cs using Guid(609cc2048c029db46a63596404c65ce7) Importer(815301076,1909f56bfc062723c751e8b465ee728b)  -> (artifact id: '61f426824bbe1999b54c73b676a4612c') in 0.006386 seconds 
========================================================================
Received Import Request.
  Time since last request: 4.739159 seconds.
  path: Assets/Scripts/AudioSoundManager.cs
  artifactKey: Guid(609cc2048c029db46a63596404c65ce7) Importer(815301076,1909f56bfc062723c751e8b465ee728b)
Start importing Assets/Scripts/AudioSoundManager.cs using Guid(609cc2048c029db46a63596404c65ce7) Importer(815301076,1909f56bfc062723c751e8b465ee728b)  -> (artifact id: '9941effd7e9e27e7b0d3277be54fbf54') in 0.001900 seconds 
========================================================================
Received Import Request.
  Time since last request: 35.452422 seconds.
  path: Assets/Scripts/AudioSoundManager.cs
  artifactKey: Guid(609cc2048c029db46a63596404c65ce7) Importer(815301076,1909f56bfc062723c751e8b465ee728b)
Start importing Assets/Scripts/AudioSoundManager.cs using Guid(609cc2048c029db46a63596404c65ce7) Importer(815301076,1909f56bfc062723c751e8b465ee728b)  -> (artifact id: 'd367204365d8855f7a72d08ecbd5d751') in 0.001679 seconds 
========================================================================
Received Import Request.
  Time since last request: 7.905392 seconds.
  path: Assets/Scripts/AudioSoundManager.cs
  artifactKey: Guid(609cc2048c029db46a63596404c65ce7) Importer(815301076,1909f56bfc062723c751e8b465ee728b)
Start importing Assets/Scripts/AudioSoundManager.cs using Guid(609cc2048c029db46a63596404c65ce7) Importer(815301076,1909f56bfc062723c751e8b465ee728b)  -> (artifact id: '0109aef80b10dc79684032f84bd3706f') in 0.001541 seconds 
========================================================================
Received Import Request.
  Time since last request: 1.495584 seconds.
  path: Assets/Scripts/AudioSoundManager.cs
  artifactKey: Guid(609cc2048c029db46a63596404c65ce7) Importer(815301076,1909f56bfc062723c751e8b465ee728b)
Start importing Assets/Scripts/AudioSoundManager.cs using Guid(609cc2048c029db46a63596404c65ce7) Importer(815301076,1909f56bfc062723c751e8b465ee728b)  -> (artifact id: '5739101e7e31b33349559fc3cea81941') in 0.001834 seconds 
========================================================================
Received Import Request.
  Time since last request: 2.399601 seconds.
  path: Assets/Scripts/AudioSoundManager.cs
  artifactKey: Guid(609cc2048c029db46a63596404c65ce7) Importer(815301076,1909f56bfc062723c751e8b465ee728b)
Start importing Assets/Scripts/AudioSoundManager.cs using Guid(609cc2048c029db46a63596404c65ce7) Importer(815301076,1909f56bfc062723c751e8b465ee728b)  -> (artifact id: 'f1377270dbfe7aec80e58a332a5ad08a') in 0.001629 seconds 
========================================================================
Received Prepare
Registering precompiled user dll's ...
Registered in 0.002645 seconds.
Begin MonoManager ReloadAssembly
Symbol file LoadedFromMemory doesn't match image C:\Users\SGA\Desktop\Unity3D_FPSPrototype\Unity3D_FPS\Library\PackageCache\com.unity.visualscripting@1.8.0\Editor\VisualScripting.Core\Dependencies\YamlDotNet\Unity.VisualScripting.YamlDotNet.dll
Symbol file LoadedFromMemory doesn't match image C:\Users\SGA\Desktop\Unity3D_FPSPrototype\Unity3D_FPS\Library\PackageCache\com.unity.visualscripting@1.8.0\Editor\VisualScripting.Core\Dependencies\DotNetZip\Unity.VisualScripting.IonicZip.dll
Native extension for WindowsStandalone target not found
Native extension for WebGL target not found
Refreshing native plugins compatible for Editor in 0.49 ms, found 3 plugins.
Preloading 0 native plugins for Editor in 0.00 ms.
Mono: successfully reloaded assembly
- Completed reload, in  0.692 seconds
Domain Reload Profiling:
	ReloadAssembly (693ms)
		BeginReloadAssembly (94ms)
			ExecutionOrderSort (0ms)
			DisableScriptedObjects (3ms)
			BackupInstance (0ms)
			ReleaseScriptingObjects (0ms)
			CreateAndSetChildDomain (26ms)
		EndReloadAssembly (519ms)
			LoadAssemblies (52ms)
			RebuildTransferFunctionScriptingTraits (0ms)
			SetupTypeCache (184ms)
			ReleaseScriptCaches (1ms)
			RebuildScriptCaches (28ms)
			SetupLoadedEditorAssemblies (222ms)
				LogAssemblyErrors (0ms)
				InitializePlatformSupportModulesInManaged (12ms)
				SetLoadedEditorAssemblies (0ms)
				RefreshPlugins (1ms)
				BeforeProcessingInitializeOnLoad (51ms)
				ProcessInitializeOnLoadAttributes (140ms)
				ProcessInitializeOnLoadMethodAttributes (12ms)
				AfterProcessingInitializeOnLoad (5ms)
				EditorAssembliesLoaded (0ms)
			ExecutionOrderSort2 (0ms)
			AwakeInstancesAfterBackupRestoration (4ms)
Platform modules already initialized, skipping
Refreshing native plugins compatible for Editor in 1.05 ms, found 3 plugins.
Preloading 0 native plugins for Editor in 0.00 ms.
Unloading 3255 Unused Serialized files (Serialized files now loaded: 0)
Unloading 29 unused Assets / (1.3 MB). Loaded Objects now: 3832.
Memory consumption went from 130.1 MB to 128.8 MB.
Total: 2.239500 ms (FindLiveObjects: 0.162300 ms CreateObjectMapping: 0.079800 ms MarkObjects: 1.798300 ms  DeleteObjects: 0.198300 ms)

AssetImportParameters requested are different than current active one (requested -> active):
  custom:video-decoder-ogg-theora: a1e56fd34408186e4bbccfd4996cb3dc -> 
  custom:container-muxer-webm: aa71ff27fc2769a1b78a27578f13a17b -> 
  custom:container-demuxer-webm: 4f35f7cbe854078d1ac9338744f61a02 -> 
  custom:video-encoder-webm-vp8: eb34c28f22e8b96e1ab97ce403110664 -> 
  custom:audio-encoder-webm-vorbis: bf7c407c2cedff20999df2af8eb42d56 -> 
  custom:framework-win-MediaFoundation: 216162199b28c13a410421893ffa2e32 -> 
  custom:container-demuxer-ogg: 62fdf1f143b41e24485cea50d1cbac27 -> 
  custom:video-decoder-webm-vp8: 9c59270c3fd7afecdb556c50c9e8de78 -> 
  custom:audio-decoder-ogg-vorbis: bf7c407c2cedff20999df2af8eb42d56 -> 
========================================================================
Received Prepare
Registering precompiled user dll's ...
Registered in 0.003714 seconds.
Begin MonoManager ReloadAssembly
Symbol file LoadedFromMemory doesn't match image C:\Users\SGA\Desktop\Unity3D_FPSPrototype\Unity3D_FPS\Library\PackageCache\com.unity.visualscripting@1.8.0\Editor\VisualScripting.Core\Dependencies\YamlDotNet\Unity.VisualScripting.YamlDotNet.dll
Symbol file LoadedFromMemory doesn't match image C:\Users\SGA\Desktop\Unity3D_FPSPrototype\Unity3D_FPS\Library\PackageCache\com.unity.visualscripting@1.8.0\Editor\VisualScripting.Core\Dependencies\DotNetZip\Unity.VisualScripting.IonicZip.dll
Native extension for WindowsStandalone target not found
Native extension for WebGL target not found
Refreshing native plugins compatible for Editor in 0.45 ms, found 3 plugins.
Preloading 0 native plugins for Editor in 0.00 ms.
Mono: successfully reloaded assembly
- Completed reload, in  0.674 seconds
Domain Reload Profiling:
	ReloadAssembly (675ms)
		BeginReloadAssembly (93ms)
			ExecutionOrderSort (0ms)
			DisableScriptedObjects (4ms)
			BackupInstance (0ms)
			ReleaseScriptingObjects (0ms)
			CreateAndSetChildDomain (26ms)
		EndReloadAssembly (515ms)
			LoadAssemblies (51ms)
			RebuildTransferFunctionScriptingTraits (0ms)
			SetupTypeCache (195ms)
			ReleaseScriptCaches (1ms)
			RebuildScriptCaches (30ms)
			SetupLoadedEditorAssemblies (206ms)
				LogAssemblyErrors (0ms)
				InitializePlatformSupportModulesInManaged (10ms)
				SetLoadedEditorAssemblies (0ms)
				RefreshPlugins (0ms)
				BeforeProcessingInitializeOnLoad (44ms)
				ProcessInitializeOnLoadAttributes (135ms)
				ProcessInitializeOnLoadMethodAttributes (12ms)
				AfterProcessingInitializeOnLoad (4ms)
				EditorAssembliesLoaded (0ms)
			ExecutionOrderSort2 (0ms)
			AwakeInstancesAfterBackupRestoration (4ms)
Platform modules already initialized, skipping
Refreshing native plugins compatible for Editor in 1.19 ms, found 3 plugins.
Preloading 0 native plugins for Editor in 0.00 ms.
Unloading 3255 Unused Serialized files (Serialized files now loaded: 0)
Unloading 29 unused Assets / (1.3 MB). Loaded Objects now: 3835.
Memory consumption went from 130.1 MB to 128.8 MB.
Total: 2.151300 ms (FindLiveObjects: 0.171900 ms CreateObjectMapping: 0.074500 ms MarkObjects: 1.688800 ms  DeleteObjects: 0.214900 ms)

AssetImportParameters requested are different than current active one (requested -> active):
  custom:video-decoder-ogg-theora: a1e56fd34408186e4bbccfd4996cb3dc -> 
  custom:container-muxer-webm: aa71ff27fc2769a1b78a27578f13a17b -> 
  custom:container-demuxer-webm: 4f35f7cbe854078d1ac9338744f61a02 -> 
  custom:video-encoder-webm-vp8: eb34c28f22e8b96e1ab97ce403110664 -> 
  custom:audio-encoder-webm-vorbis: bf7c407c2cedff20999df2af8eb42d56 -> 
  custom:framework-win-MediaFoundation: 216162199b28c13a410421893ffa2e32 -> 
  custom:container-demuxer-ogg: 62fdf1f143b41e24485cea50d1cbac27 -> 
  custom:video-decoder-webm-vp8: 9c59270c3fd7afecdb556c50c9e8de78 -> 
  custom:audio-decoder-ogg-vorbis: bf7c407c2cedff20999df2af8eb42d56 -> 
========================================================================
Received Prepare
Registering precompiled user dll's ...
Registered in 0.002719 seconds.
Begin MonoManager ReloadAssembly
Symbol file LoadedFromMemory doesn't match image C:\Users\SGA\Desktop\Unity3D_FPSPrototype\Unity3D_FPS\Library\PackageCache\com.unity.visualscripting@1.8.0\Editor\VisualScripting.Core\Dependencies\YamlDotNet\Unity.VisualScripting.YamlDotNet.dll
Symbol file LoadedFromMemory doesn't match image C:\Users\SGA\Desktop\Unity3D_FPSPrototype\Unity3D_FPS\Library\PackageCache\com.unity.visualscripting@1.8.0\Editor\VisualScripting.Core\Dependencies\DotNetZip\Unity.VisualScripting.IonicZip.dll
Native extension for WindowsStandalone target not found
Native extension for WebGL target not found
Refreshing native plugins compatible for Editor in 0.41 ms, found 3 plugins.
Preloading 0 native plugins for Editor in 0.00 ms.
Mono: successfully reloaded assembly
- Completed reload, in  0.667 seconds
Domain Reload Profiling:
	ReloadAssembly (667ms)
		BeginReloadAssembly (93ms)
			ExecutionOrderSort (0ms)
			DisableScriptedObjects (4ms)
			BackupInstance (0ms)
			ReleaseScriptingObjects (0ms)
			CreateAndSetChildDomain (24ms)
		EndReloadAssembly (507ms)
			LoadAssemblies (53ms)
			RebuildTransferFunctionScriptingTraits (0ms)
			SetupTypeCache (173ms)
			ReleaseScriptCaches (1ms)
			RebuildScriptCaches (32ms)
			SetupLoadedEditorAssemblies (214ms)
				LogAssemblyErrors (0ms)
				InitializePlatformSupportModulesInManaged (10ms)
				SetLoadedEditorAssemblies (0ms)
				RefreshPlugins (0ms)
				BeforeProcessingInitializeOnLoad (43ms)
				ProcessInitializeOnLoadAttributes (141ms)
				ProcessInitializeOnLoadMethodAttributes (14ms)
				AfterProcessingInitializeOnLoad (5ms)
				EditorAssembliesLoaded (0ms)
			ExecutionOrderSort2 (0ms)
			AwakeInstancesAfterBackupRestoration (4ms)
Platform modules already initialized, skipping
Refreshing native plugins compatible for Editor in 1.17 ms, found 3 plugins.
Preloading 0 native plugins for Editor in 0.00 ms.
Unloading 3255 Unused Serialized files (Serialized files now loaded: 0)
Unloading 29 unused Assets / (1.3 MB). Loaded Objects now: 3838.
Memory consumption went from 130.1 MB to 128.8 MB.
Total: 2.311200 ms (FindLiveObjects: 0.200400 ms CreateObjectMapping: 0.087500 ms MarkObjects: 1.787200 ms  DeleteObjects: 0.234900 ms)

AssetImportParameters requested are different than current active one (requested -> active):
  custom:video-decoder-ogg-theora: a1e56fd34408186e4bbccfd4996cb3dc -> 
  custom:container-muxer-webm: aa71ff27fc2769a1b78a27578f13a17b -> 
  custom:container-demuxer-webm: 4f35f7cbe854078d1ac9338744f61a02 -> 
  custom:video-encoder-webm-vp8: eb34c28f22e8b96e1ab97ce403110664 -> 
  custom:audio-encoder-webm-vorbis: bf7c407c2cedff20999df2af8eb42d56 -> 
  custom:framework-win-MediaFoundation: 216162199b28c13a410421893ffa2e32 -> 
  custom:container-demuxer-ogg: 62fdf1f143b41e24485cea50d1cbac27 -> 
  custom:video-decoder-webm-vp8: 9c59270c3fd7afecdb556c50c9e8de78 -> 
  custom:audio-decoder-ogg-vorbis: bf7c407c2cedff20999df2af8eb42d56 -> 
========================================================================
Received Prepare
Registering precompiled user dll's ...
Registered in 0.002984 seconds.
Begin MonoManager ReloadAssembly
Symbol file LoadedFromMemory doesn't match image C:\Users\SGA\Desktop\Unity3D_FPSPrototype\Unity3D_FPS\Library\PackageCache\com.unity.visualscripting@1.8.0\Editor\VisualScripting.Core\Dependencies\YamlDotNet\Unity.VisualScripting.YamlDotNet.dll
Symbol file LoadedFromMemory doesn't match image C:\Users\SGA\Desktop\Unity3D_FPSPrototype\Unity3D_FPS\Library\PackageCache\com.unity.visualscripting@1.8.0\Editor\VisualScripting.Core\Dependencies\DotNetZip\Unity.VisualScripting.IonicZip.dll
Native extension for WindowsStandalone target not found
Native extension for WebGL target not found
Refreshing native plugins compatible for Editor in 0.45 ms, found 3 plugins.
Preloading 0 native plugins for Editor in 0.00 ms.
Mono: successfully reloaded assembly
- Completed reload, in  0.681 seconds
Domain Reload Profiling:
	ReloadAssembly (681ms)
		BeginReloadAssembly (91ms)
			ExecutionOrderSort (0ms)
			DisableScriptedObjects (3ms)
			BackupInstance (0ms)
			ReleaseScriptingObjects (0ms)
			CreateAndSetChildDomain (24ms)
		EndReloadAssembly (526ms)
			LoadAssemblies (52ms)
			RebuildTransferFunctionScriptingTraits (0ms)
			SetupTypeCache (172ms)
			ReleaseScriptCaches (1ms)
			RebuildScriptCaches (27ms)
			SetupLoadedEditorAssemblies (235ms)
				LogAssemblyErrors (0ms)
				InitializePlatformSupportModulesInManaged (10ms)
				SetLoadedEditorAssemblies (0ms)
				RefreshPlugins (0ms)
				BeforeProcessingInitializeOnLoad (53ms)
				ProcessInitializeOnLoadAttributes (150ms)
				ProcessInitializeOnLoadMethodAttributes (15ms)
				AfterProcessingInitializeOnLoad (6ms)
				EditorAssembliesLoaded (0ms)
			ExecutionOrderSort2 (0ms)
			AwakeInstancesAfterBackupRestoration (5ms)
Platform modules already initialized, skipping
Refreshing native plugins compatible for Editor in 1.33 ms, found 3 plugins.
Preloading 0 native plugins for Editor in 0.00 ms.
Unloading 3255 Unused Serialized files (Serialized files now loaded: 0)
Unloading 29 unused Assets / (1.3 MB). Loaded Objects now: 3841.
Memory consumption went from 130.1 MB to 128.8 MB.
Total: 2.267000 ms (FindLiveObjects: 0.181900 ms CreateObjectMapping: 0.085500 ms MarkObjects: 1.784000 ms  DeleteObjects: 0.215100 ms)

AssetImportParameters requested are different than current active one (requested -> active):
  custom:video-decoder-ogg-theora: a1e56fd34408186e4bbccfd4996cb3dc -> 
  custom:container-muxer-webm: aa71ff27fc2769a1b78a27578f13a17b -> 
  custom:container-demuxer-webm: 4f35f7cbe854078d1ac9338744f61a02 -> 
  custom:video-encoder-webm-vp8: eb34c28f22e8b96e1ab97ce403110664 -> 
  custom:audio-encoder-webm-vorbis: bf7c407c2cedff20999df2af8eb42d56 -> 
  custom:framework-win-MediaFoundation: 216162199b28c13a410421893ffa2e32 -> 
  custom:container-demuxer-ogg: 62fdf1f143b41e24485cea50d1cbac27 -> 
  custom:video-decoder-webm-vp8: 9c59270c3fd7afecdb556c50c9e8de78 -> 
  custom:audio-decoder-ogg-vorbis: bf7c407c2cedff20999df2af8eb42d56 -> 
========================================================================
Received Prepare
Registering precompiled user dll's ...
Registered in 0.003630 seconds.
Begin MonoManager ReloadAssembly
Symbol file LoadedFromMemory doesn't match image C:\Users\SGA\Desktop\Unity3D_FPSPrototype\Unity3D_FPS\Library\PackageCache\com.unity.visualscripting@1.8.0\Editor\VisualScripting.Core\Dependencies\YamlDotNet\Unity.VisualScripting.YamlDotNet.dll
Symbol file LoadedFromMemory doesn't match image C:\Users\SGA\Desktop\Unity3D_FPSPrototype\Unity3D_FPS\Library\PackageCache\com.unity.visualscripting@1.8.0\Editor\VisualScripting.Core\Dependencies\DotNetZip\Unity.VisualScripting.IonicZip.dll
Native extension for WindowsStandalone target not found
Native extension for WebGL target not found
Refreshing native plugins compatible for Editor in 0.45 ms, found 3 plugins.
Preloading 0 native plugins for Editor in 0.00 ms.
Mono: successfully reloaded assembly
- Completed reload, in  0.723 seconds
Domain Reload Profiling:
	ReloadAssembly (725ms)
		BeginReloadAssembly (99ms)
			ExecutionOrderSort (0ms)
			DisableScriptedObjects (8ms)
			BackupInstance (0ms)
			ReleaseScriptingObjects (0ms)
			CreateAndSetChildDomain (24ms)
		EndReloadAssembly (550ms)
			LoadAssemblies (62ms)
			RebuildTransferFunctionScriptingTraits (0ms)
			SetupTypeCache (198ms)
			ReleaseScriptCaches (1ms)
			RebuildScriptCaches (28ms)
			SetupLoadedEditorAssemblies (221ms)
				LogAssemblyErrors (0ms)
				InitializePlatformSupportModulesInManaged (12ms)
				SetLoadedEditorAssemblies (0ms)
				RefreshPlugins (0ms)
				BeforeProcessingInitializeOnLoad (50ms)
				ProcessInitializeOnLoadAttributes (140ms)
				ProcessInitializeOnLoadMethodAttributes (13ms)
				AfterProcessingInitializeOnLoad (4ms)
				EditorAssembliesLoaded (0ms)
			ExecutionOrderSort2 (0ms)
			AwakeInstancesAfterBackupRestoration (4ms)
Platform modules already initialized, skipping
Refreshing native plugins compatible for Editor in 1.25 ms, found 3 plugins.
Preloading 0 native plugins for Editor in 0.00 ms.
Unloading 3255 Unused Serialized files (Serialized files now loaded: 0)
Unloading 29 unused Assets / (1.3 MB). Loaded Objects now: 3844.
Memory consumption went from 130.1 MB to 128.8 MB.
Total: 2.197900 ms (FindLiveObjects: 0.190700 ms CreateObjectMapping: 0.084000 ms MarkObjects: 1.719900 ms  DeleteObjects: 0.202500 ms)

AssetImportParameters requested are different than current active one (requested -> active):
  custom:video-decoder-ogg-theora: a1e56fd34408186e4bbccfd4996cb3dc -> 
  custom:container-muxer-webm: aa71ff27fc2769a1b78a27578f13a17b -> 
  custom:container-demuxer-webm: 4f35f7cbe854078d1ac9338744f61a02 -> 
  custom:video-encoder-webm-vp8: eb34c28f22e8b96e1ab97ce403110664 -> 
  custom:audio-encoder-webm-vorbis: bf7c407c2cedff20999df2af8eb42d56 -> 
  custom:framework-win-MediaFoundation: 216162199b28c13a410421893ffa2e32 -> 
  custom:container-demuxer-ogg: 62fdf1f143b41e24485cea50d1cbac27 -> 
  custom:video-decoder-webm-vp8: 9c59270c3fd7afecdb556c50c9e8de78 -> 
  custom:audio-decoder-ogg-vorbis: bf7c407c2cedff20999df2af8eb42d56 -> 
========================================================================
Received Prepare
Registering precompiled user dll's ...
Registered in 0.002665 seconds.
Begin MonoManager ReloadAssembly
Symbol file LoadedFromMemory doesn't match image C:\Users\SGA\Desktop\Unity3D_FPSPrototype\Unity3D_FPS\Library\PackageCache\com.unity.visualscripting@1.8.0\Editor\VisualScripting.Core\Dependencies\YamlDotNet\Unity.VisualScripting.YamlDotNet.dll
Symbol file LoadedFromMemory doesn't match image C:\Users\SGA\Desktop\Unity3D_FPSPrototype\Unity3D_FPS\Library\PackageCache\com.unity.visualscripting@1.8.0\Editor\VisualScripting.Core\Dependencies\DotNetZip\Unity.VisualScripting.IonicZip.dll
Native extension for WindowsStandalone target not found
Native extension for WebGL target not found
Refreshing native plugins compatible for Editor in 0.44 ms, found 3 plugins.
Preloading 0 native plugins for Editor in 0.00 ms.
Mono: successfully reloaded assembly
- Completed reload, in  0.700 seconds
Domain Reload Profiling:
	ReloadAssembly (700ms)
		BeginReloadAssembly (95ms)
			ExecutionOrderSort (0ms)
			DisableScriptedObjects (3ms)
			BackupInstance (0ms)
			ReleaseScriptingObjects (0ms)
			CreateAndSetChildDomain (26ms)
		EndReloadAssembly (525ms)
			LoadAssemblies (53ms)
			RebuildTransferFunctionScriptingTraits (0ms)
			SetupTypeCache (196ms)
			ReleaseScriptCaches (1ms)
			RebuildScriptCaches (31ms)
			SetupLoadedEditorAssemblies (206ms)
				LogAssemblyErrors (0ms)
				InitializePlatformSupportModulesInManaged (10ms)
				SetLoadedEditorAssemblies (0ms)
				RefreshPlugins (0ms)
				BeforeProcessingInitializeOnLoad (43ms)
				ProcessInitializeOnLoadAttributes (133ms)
				ProcessInitializeOnLoadMethodAttributes (14ms)
				AfterProcessingInitializeOnLoad (5ms)
				EditorAssembliesLoaded (0ms)
			ExecutionOrderSort2 (0ms)
			AwakeInstancesAfterBackupRestoration (4ms)
Platform modules already initialized, skipping
Refreshing native plugins compatible for Editor in 1.05 ms, found 3 plugins.
Preloading 0 native plugins for Editor in 0.00 ms.
Unloading 3255 Unused Serialized files (Serialized files now loaded: 0)
Unloading 29 unused Assets / (1.3 MB). Loaded Objects now: 3847.
Memory consumption went from 130.2 MB to 128.9 MB.
Total: 2.217400 ms (FindLiveObjects: 0.174000 ms CreateObjectMapping: 0.079100 ms MarkObjects: 1.744600 ms  DeleteObjects: 0.218700 ms)

AssetImportParameters requested are different than current active one (requested -> active):
  custom:video-decoder-ogg-theora: a1e56fd34408186e4bbccfd4996cb3dc -> 
  custom:container-muxer-webm: aa71ff27fc2769a1b78a27578f13a17b -> 
  custom:container-demuxer-webm: 4f35f7cbe854078d1ac9338744f61a02 -> 
  custom:video-encoder-webm-vp8: eb34c28f22e8b96e1ab97ce403110664 -> 
  custom:audio-encoder-webm-vorbis: bf7c407c2cedff20999df2af8eb42d56 -> 
  custom:framework-win-MediaFoundation: 216162199b28c13a410421893ffa2e32 -> 
  custom:container-demuxer-ogg: 62fdf1f143b41e24485cea50d1cbac27 -> 
  custom:video-decoder-webm-vp8: 9c59270c3fd7afecdb556c50c9e8de78 -> 
  custom:audio-decoder-ogg-vorbis: bf7c407c2cedff20999df2af8eb42d56 -> 
========================================================================
Received Prepare
Registering precompiled user dll's ...
Registered in 0.003284 seconds.
Begin MonoManager ReloadAssembly
Symbol file LoadedFromMemory doesn't match image C:\Users\SGA\Desktop\Unity3D_FPSPrototype\Unity3D_FPS\Library\PackageCache\com.unity.visualscripting@1.8.0\Editor\VisualScripting.Core\Dependencies\YamlDotNet\Unity.VisualScripting.YamlDotNet.dll
Symbol file LoadedFromMemory doesn't match image C:\Users\SGA\Desktop\Unity3D_FPSPrototype\Unity3D_FPS\Library\PackageCache\com.unity.visualscripting@1.8.0\Editor\VisualScripting.Core\Dependencies\DotNetZip\Unity.VisualScripting.IonicZip.dll
Native extension for WindowsStandalone target not found
Native extension for WebGL target not found
Refreshing native plugins compatible for Editor in 0.49 ms, found 3 plugins.
Preloading 0 native plugins for Editor in 0.00 ms.
Mono: successfully reloaded assembly
- Completed reload, in  0.684 seconds
Domain Reload Profiling:
	ReloadAssembly (685ms)
		BeginReloadAssembly (90ms)
			ExecutionOrderSort (0ms)
			DisableScriptedObjects (3ms)
			BackupInstance (0ms)
			ReleaseScriptingObjects (0ms)
			CreateAndSetChildDomain (23ms)
		EndReloadAssembly (525ms)
			LoadAssemblies (50ms)
			RebuildTransferFunctionScriptingTraits (0ms)
			SetupTypeCache (167ms)
			ReleaseScriptCaches (1ms)
			RebuildScriptCaches (28ms)
			SetupLoadedEditorAssemblies (241ms)
				LogAssemblyErrors (0ms)
				InitializePlatformSupportModulesInManaged (11ms)
				SetLoadedEditorAssemblies (1ms)
				RefreshPlugins (1ms)
				BeforeProcessingInitializeOnLoad (51ms)
				ProcessInitializeOnLoadAttributes (159ms)
				ProcessInitializeOnLoadMethodAttributes (14ms)
				AfterProcessingInitializeOnLoad (5ms)
				EditorAssembliesLoaded (0ms)
			ExecutionOrderSort2 (0ms)
			AwakeInstancesAfterBackupRestoration (5ms)
Platform modules already initialized, skipping
Refreshing native plugins compatible for Editor in 1.39 ms, found 3 plugins.
Preloading 0 native plugins for Editor in 0.00 ms.
Unloading 3255 Unused Serialized files (Serialized files now loaded: 0)
Unloading 29 unused Assets / (1.3 MB). Loaded Objects now: 3850.
Memory consumption went from 130.2 MB to 128.9 MB.
Total: 2.446200 ms (FindLiveObjects: 0.182500 ms CreateObjectMapping: 0.077600 ms MarkObjects: 1.915200 ms  DeleteObjects: 0.270000 ms)

AssetImportParameters requested are different than current active one (requested -> active):
  custom:video-decoder-ogg-theora: a1e56fd34408186e4bbccfd4996cb3dc -> 
  custom:container-muxer-webm: aa71ff27fc2769a1b78a27578f13a17b -> 
  custom:container-demuxer-webm: 4f35f7cbe854078d1ac9338744f61a02 -> 
  custom:video-encoder-webm-vp8: eb34c28f22e8b96e1ab97ce403110664 -> 
  custom:audio-encoder-webm-vorbis: bf7c407c2cedff20999df2af8eb42d56 -> 
  custom:framework-win-MediaFoundation: 216162199b28c13a410421893ffa2e32 -> 
  custom:container-demuxer-ogg: 62fdf1f143b41e24485cea50d1cbac27 -> 
  custom:video-decoder-webm-vp8: 9c59270c3fd7afecdb556c50c9e8de78 -> 
  custom:audio-decoder-ogg-vorbis: bf7c407c2cedff20999df2af8eb42d56 -> 
========================================================================
Received Prepare
Registering precompiled user dll's ...
Registered in 0.002957 seconds.
Begin MonoManager ReloadAssembly
Symbol file LoadedFromMemory doesn't match image C:\Users\SGA\Desktop\Unity3D_FPSPrototype\Unity3D_FPS\Library\PackageCache\com.unity.visualscripting@1.8.0\Editor\VisualScripting.Core\Dependencies\YamlDotNet\Unity.VisualScripting.YamlDotNet.dll
Symbol file LoadedFromMemory doesn't match image C:\Users\SGA\Desktop\Unity3D_FPSPrototype\Unity3D_FPS\Library\PackageCache\com.unity.visualscripting@1.8.0\Editor\VisualScripting.Core\Dependencies\DotNetZip\Unity.VisualScripting.IonicZip.dll
Native extension for WindowsStandalone target not found
Native extension for WebGL target not found
Refreshing native plugins compatible for Editor in 0.57 ms, found 3 plugins.
Preloading 0 native plugins for Editor in 0.00 ms.
Mono: successfully reloaded assembly
- Completed reload, in  0.726 seconds
Domain Reload Profiling:
	ReloadAssembly (726ms)
		BeginReloadAssembly (96ms)
			ExecutionOrderSort (0ms)
			DisableScriptedObjects (4ms)
			BackupInstance (0ms)
			ReleaseScriptingObjects (0ms)
			CreateAndSetChildDomain (25ms)
		EndReloadAssembly (561ms)
			LoadAssemblies (54ms)
			RebuildTransferFunctionScriptingTraits (0ms)
			SetupTypeCache (216ms)
			ReleaseScriptCaches (1ms)
			RebuildScriptCaches (31ms)
			SetupLoadedEditorAssemblies (224ms)
				LogAssemblyErrors (0ms)
				InitializePlatformSupportModulesInManaged (15ms)
				SetLoadedEditorAssemblies (1ms)
				RefreshPlugins (1ms)
				BeforeProcessingInitializeOnLoad (58ms)
				ProcessInitializeOnLoadAttributes (133ms)
				ProcessInitializeOnLoadMethodAttributes (12ms)
				AfterProcessingInitializeOnLoad (4ms)
				EditorAssembliesLoaded (0ms)
			ExecutionOrderSort2 (0ms)
			AwakeInstancesAfterBackupRestoration (5ms)
Platform modules already initialized, skipping
Refreshing native plugins compatible for Editor in 1.08 ms, found 3 plugins.
Preloading 0 native plugins for Editor in 0.00 ms.
Unloading 3255 Unused Serialized files (Serialized files now loaded: 0)
Unloading 29 unused Assets / (1.3 MB). Loaded Objects now: 3853.
Memory consumption went from 130.2 MB to 128.9 MB.
Total: 2.114300 ms (FindLiveObjects: 0.168800 ms CreateObjectMapping: 0.071200 ms MarkObjects: 1.688600 ms  DeleteObjects: 0.185100 ms)

AssetImportParameters requested are different than current active one (requested -> active):
  custom:video-decoder-ogg-theora: a1e56fd34408186e4bbccfd4996cb3dc -> 
  custom:container-muxer-webm: aa71ff27fc2769a1b78a27578f13a17b -> 
  custom:container-demuxer-webm: 4f35f7cbe854078d1ac9338744f61a02 -> 
  custom:video-encoder-webm-vp8: eb34c28f22e8b96e1ab97ce403110664 -> 
  custom:audio-encoder-webm-vorbis: bf7c407c2cedff20999df2af8eb42d56 -> 
  custom:framework-win-MediaFoundation: 216162199b28c13a410421893ffa2e32 -> 
  custom:container-demuxer-ogg: 62fdf1f143b41e24485cea50d1cbac27 -> 
  custom:video-decoder-webm-vp8: 9c59270c3fd7afecdb556c50c9e8de78 -> 
  custom:audio-decoder-ogg-vorbis: bf7c407c2cedff20999df2af8eb42d56 -> 
========================================================================
Received Prepare
Registering precompiled user dll's ...
Registered in 0.003766 seconds.
Begin MonoManager ReloadAssembly
Symbol file LoadedFromMemory doesn't match image C:\Users\SGA\Desktop\Unity3D_FPSPrototype\Unity3D_FPS\Library\PackageCache\com.unity.visualscripting@1.8.0\Editor\VisualScripting.Core\Dependencies\YamlDotNet\Unity.VisualScripting.YamlDotNet.dll
Symbol file LoadedFromMemory doesn't match image C:\Users\SGA\Desktop\Unity3D_FPSPrototype\Unity3D_FPS\Library\PackageCache\com.unity.visualscripting@1.8.0\Editor\VisualScripting.Core\Dependencies\DotNetZip\Unity.VisualScripting.IonicZip.dll
Native extension for WindowsStandalone target not found
Native extension for WebGL target not found
Refreshing native plugins compatible for Editor in 0.49 ms, found 3 plugins.
Preloading 0 native plugins for Editor in 0.00 ms.
Mono: successfully reloaded assembly
- Completed reload, in  0.684 seconds
Domain Reload Profiling:
	ReloadAssembly (684ms)
		BeginReloadAssembly (91ms)
			ExecutionOrderSort (0ms)
			DisableScriptedObjects (3ms)
			BackupInstance (0ms)
			ReleaseScriptingObjects (0ms)
			CreateAndSetChildDomain (22ms)
		EndReloadAssembly (518ms)
			LoadAssemblies (56ms)
			RebuildTransferFunctionScriptingTraits (0ms)
			SetupTypeCache (174ms)
			ReleaseScriptCaches (1ms)
			RebuildScriptCaches (27ms)
			SetupLoadedEditorAssemblies (229ms)
				LogAssemblyErrors (0ms)
				InitializePlatformSupportModulesInManaged (10ms)
				SetLoadedEditorAssemblies (0ms)
				RefreshPlugins (1ms)
				BeforeProcessingInitializeOnLoad (49ms)
				ProcessInitializeOnLoadAttributes (150ms)
				ProcessInitializeOnLoadMethodAttributes (14ms)
				AfterProcessingInitializeOnLoad (5ms)
				EditorAssembliesLoaded (0ms)
			ExecutionOrderSort2 (0ms)
			AwakeInstancesAfterBackupRestoration (4ms)
Platform modules already initialized, skipping
Refreshing native plugins compatible for Editor in 1.20 ms, found 3 plugins.
Preloading 0 native plugins for Editor in 0.00 ms.
Unloading 3255 Unused Serialized files (Serialized files now loaded: 0)
Unloading 29 unused Assets / (1.3 MB). Loaded Objects now: 3856.
Memory consumption went from 130.2 MB to 128.9 MB.
Total: 2.189600 ms (FindLiveObjects: 0.189100 ms CreateObjectMapping: 0.073100 ms MarkObjects: 1.729500 ms  DeleteObjects: 0.196900 ms)

AssetImportParameters requested are different than current active one (requested -> active):
  custom:video-decoder-ogg-theora: a1e56fd34408186e4bbccfd4996cb3dc -> 
  custom:container-muxer-webm: aa71ff27fc2769a1b78a27578f13a17b -> 
  custom:container-demuxer-webm: 4f35f7cbe854078d1ac9338744f61a02 -> 
  custom:video-encoder-webm-vp8: eb34c28f22e8b96e1ab97ce403110664 -> 
  custom:audio-encoder-webm-vorbis: bf7c407c2cedff20999df2af8eb42d56 -> 
  custom:framework-win-MediaFoundation: 216162199b28c13a410421893ffa2e32 -> 
  custom:container-demuxer-ogg: 62fdf1f143b41e24485cea50d1cbac27 -> 
  custom:video-decoder-webm-vp8: 9c59270c3fd7afecdb556c50c9e8de78 -> 
  custom:audio-decoder-ogg-vorbis: bf7c407c2cedff20999df2af8eb42d56 -> 
========================================================================
Received Prepare
Registering precompiled user dll's ...
Registered in 0.004178 seconds.
Begin MonoManager ReloadAssembly
Symbol file LoadedFromMemory doesn't match image C:\Users\SGA\Desktop\Unity3D_FPSPrototype\Unity3D_FPS\Library\PackageCache\com.unity.visualscripting@1.8.0\Editor\VisualScripting.Core\Dependencies\YamlDotNet\Unity.VisualScripting.YamlDotNet.dll
Symbol file LoadedFromMemory doesn't match image C:\Users\SGA\Desktop\Unity3D_FPSPrototype\Unity3D_FPS\Library\PackageCache\com.unity.visualscripting@1.8.0\Editor\VisualScripting.Core\Dependencies\DotNetZip\Unity.VisualScripting.IonicZip.dll
Native extension for WindowsStandalone target not found
Native extension for WebGL target not found
Refreshing native plugins compatible for Editor in 0.46 ms, found 3 plugins.
Preloading 0 native plugins for Editor in 0.00 ms.
Mono: successfully reloaded assembly
- Completed reload, in  0.663 seconds
Domain Reload Profiling:
	ReloadAssembly (663ms)
		BeginReloadAssembly (90ms)
			ExecutionOrderSort (0ms)
			DisableScriptedObjects (4ms)
			BackupInstance (0ms)
			ReleaseScriptingObjects (0ms)
			CreateAndSetChildDomain (23ms)
		EndReloadAssembly (498ms)
			LoadAssemblies (54ms)
			RebuildTransferFunctionScriptingTraits (0ms)
			SetupTypeCache (174ms)
			ReleaseScriptCaches (1ms)
			RebuildScriptCaches (27ms)
			SetupLoadedEditorAssemblies (206ms)
				LogAssemblyErrors (0ms)
				InitializePlatformSupportModulesInManaged (10ms)
				SetLoadedEditorAssemblies (0ms)
				RefreshPlugins (1ms)
				BeforeProcessingInitializeOnLoad (44ms)
				ProcessInitializeOnLoadAttributes (134ms)
				ProcessInitializeOnLoadMethodAttributes (12ms)
				AfterProcessingInitializeOnLoad (4ms)
				EditorAssembliesLoaded (0ms)
			ExecutionOrderSort2 (0ms)
			AwakeInstancesAfterBackupRestoration (4ms)
Platform modules already initialized, skipping
Refreshing native plugins compatible for Editor in 1.12 ms, found 3 plugins.
Preloading 0 native plugins for Editor in 0.00 ms.
Unloading 3255 Unused Serialized files (Serialized files now loaded: 0)
Unloading 29 unused Assets / (1.3 MB). Loaded Objects now: 3859.
Memory consumption went from 130.2 MB to 128.9 MB.
Total: 2.114400 ms (FindLiveObjects: 0.186000 ms CreateObjectMapping: 0.079000 ms MarkObjects: 1.649700 ms  DeleteObjects: 0.198800 ms)

AssetImportParameters requested are different than current active one (requested -> active):
  custom:video-decoder-ogg-theora: a1e56fd34408186e4bbccfd4996cb3dc -> 
  custom:container-muxer-webm: aa71ff27fc2769a1b78a27578f13a17b -> 
  custom:container-demuxer-webm: 4f35f7cbe854078d1ac9338744f61a02 -> 
  custom:video-encoder-webm-vp8: eb34c28f22e8b96e1ab97ce403110664 -> 
  custom:audio-encoder-webm-vorbis: bf7c407c2cedff20999df2af8eb42d56 -> 
  custom:framework-win-MediaFoundation: 216162199b28c13a410421893ffa2e32 -> 
  custom:container-demuxer-ogg: 62fdf1f143b41e24485cea50d1cbac27 -> 
  custom:video-decoder-webm-vp8: 9c59270c3fd7afecdb556c50c9e8de78 -> 
  custom:audio-decoder-ogg-vorbis: bf7c407c2cedff20999df2af8eb42d56 -> 
========================================================================
Received Prepare
Registering precompiled user dll's ...
Registered in 0.003018 seconds.
Begin MonoManager ReloadAssembly
Symbol file LoadedFromMemory doesn't match image C:\Users\SGA\Desktop\Unity3D_FPSPrototype\Unity3D_FPS\Library\PackageCache\com.unity.visualscripting@1.8.0\Editor\VisualScripting.Core\Dependencies\YamlDotNet\Unity.VisualScripting.YamlDotNet.dll
Symbol file LoadedFromMemory doesn't match image C:\Users\SGA\Desktop\Unity3D_FPSPrototype\Unity3D_FPS\Library\PackageCache\com.unity.visualscripting@1.8.0\Editor\VisualScripting.Core\Dependencies\DotNetZip\Unity.VisualScripting.IonicZip.dll
Native extension for WindowsStandalone target not found
Native extension for WebGL target not found
Refreshing native plugins compatible for Editor in 0.57 ms, found 3 plugins.
Preloading 0 native plugins for Editor in 0.00 ms.
Mono: successfully reloaded assembly
- Completed reload, in  0.688 seconds
Domain Reload Profiling:
	ReloadAssembly (689ms)
		BeginReloadAssembly (88ms)
			ExecutionOrderSort (0ms)
			DisableScriptedObjects (3ms)
			BackupInstance (0ms)
			ReleaseScriptingObjects (0ms)
			CreateAndSetChildDomain (22ms)
		EndReloadAssembly (534ms)
			LoadAssemblies (50ms)
			RebuildTransferFunctionScriptingTraits (0ms)
			SetupTypeCache (172ms)
			ReleaseScriptCaches (1ms)
			RebuildScriptCaches (28ms)
			SetupLoadedEditorAssemblies (244ms)
				LogAssemblyErrors (0ms)
				InitializePlatformSupportModulesInManaged (13ms)
				SetLoadedEditorAssemblies (0ms)
				RefreshPlugins (1ms)
				BeforeProcessingInitializeOnLoad (52ms)
				ProcessInitializeOnLoadAttributes (158ms)
				ProcessInitializeOnLoadMethodAttributes (16ms)
				AfterProcessingInitializeOnLoad (5ms)
				EditorAssembliesLoaded (0ms)
			ExecutionOrderSort2 (0ms)
			AwakeInstancesAfterBackupRestoration (5ms)
Platform modules already initialized, skipping
Refreshing native plugins compatible for Editor in 1.20 ms, found 3 plugins.
Preloading 0 native plugins for Editor in 0.00 ms.
Unloading 3255 Unused Serialized files (Serialized files now loaded: 0)
Unloading 29 unused Assets / (1.3 MB). Loaded Objects now: 3862.
Memory consumption went from 130.2 MB to 128.9 MB.
Total: 2.259600 ms (FindLiveObjects: 0.180400 ms CreateObjectMapping: 0.080500 ms MarkObjects: 1.764600 ms  DeleteObjects: 0.233000 ms)

AssetImportParameters requested are different than current active one (requested -> active):
  custom:video-decoder-ogg-theora: a1e56fd34408186e4bbccfd4996cb3dc -> 
  custom:container-muxer-webm: aa71ff27fc2769a1b78a27578f13a17b -> 
  custom:container-demuxer-webm: 4f35f7cbe854078d1ac9338744f61a02 -> 
  custom:video-encoder-webm-vp8: eb34c28f22e8b96e1ab97ce403110664 -> 
  custom:audio-encoder-webm-vorbis: bf7c407c2cedff20999df2af8eb42d56 -> 
  custom:framework-win-MediaFoundation: 216162199b28c13a410421893ffa2e32 -> 
  custom:container-demuxer-ogg: 62fdf1f143b41e24485cea50d1cbac27 -> 
  custom:video-decoder-webm-vp8: 9c59270c3fd7afecdb556c50c9e8de78 -> 
  custom:audio-decoder-ogg-vorbis: bf7c407c2cedff20999df2af8eb42d56 -> 
========================================================================
Received Prepare
Registering precompiled user dll's ...
Registered in 0.002709 seconds.
Begin MonoManager ReloadAssembly
Symbol file LoadedFromMemory doesn't match image C:\Users\SGA\Desktop\Unity3D_FPSPrototype\Unity3D_FPS\Library\PackageCache\com.unity.visualscripting@1.8.0\Editor\VisualScripting.Core\Dependencies\YamlDotNet\Unity.VisualScripting.YamlDotNet.dll
Symbol file LoadedFromMemory doesn't match image C:\Users\SGA\Desktop\Unity3D_FPSPrototype\Unity3D_FPS\Library\PackageCache\com.unity.visualscripting@1.8.0\Editor\VisualScripting.Core\Dependencies\DotNetZip\Unity.VisualScripting.IonicZip.dll
Native extension for WindowsStandalone target not found
Native extension for WebGL target not found
Refreshing native plugins compatible for Editor in 0.46 ms, found 3 plugins.
Preloading 0 native plugins for Editor in 0.00 ms.
Mono: successfully reloaded assembly
- Completed reload, in  0.651 seconds
Domain Reload Profiling:
	ReloadAssembly (652ms)
		BeginReloadAssembly (86ms)
			ExecutionOrderSort (0ms)
			DisableScriptedObjects (3ms)
			BackupInstance (0ms)
			ReleaseScriptingObjects (0ms)
			CreateAndSetChildDomain (22ms)
		EndReloadAssembly (500ms)
			LoadAssemblies (45ms)
			RebuildTransferFunctionScriptingTraits (0ms)
			SetupTypeCache (167ms)
			ReleaseScriptCaches (1ms)
			RebuildScriptCaches (28ms)
			SetupLoadedEditorAssemblies (221ms)
				LogAssemblyErrors (0ms)
				InitializePlatformSupportModulesInManaged (10ms)
				SetLoadedEditorAssemblies (0ms)
				RefreshPlugins (1ms)
				BeforeProcessingInitializeOnLoad (45ms)
				ProcessInitializeOnLoadAttributes (146ms)
				ProcessInitializeOnLoadMethodAttributes (14ms)
				AfterProcessingInitializeOnLoad (5ms)
				EditorAssembliesLoaded (0ms)
			ExecutionOrderSort2 (0ms)
			AwakeInstancesAfterBackupRestoration (5ms)
Platform modules already initialized, skipping
Refreshing native plugins compatible for Editor in 1.35 ms, found 3 plugins.
Preloading 0 native plugins for Editor in 0.00 ms.
Unloading 3255 Unused Serialized files (Serialized files now loaded: 0)
Unloading 29 unused Assets / (1.3 MB). Loaded Objects now: 3865.
Memory consumption went from 130.3 MB to 129.0 MB.
Total: 2.314900 ms (FindLiveObjects: 0.185300 ms CreateObjectMapping: 0.080500 ms MarkObjects: 1.832400 ms  DeleteObjects: 0.216000 ms)

AssetImportParameters requested are different than current active one (requested -> active):
  custom:video-decoder-ogg-theora: a1e56fd34408186e4bbccfd4996cb3dc -> 
  custom:container-muxer-webm: aa71ff27fc2769a1b78a27578f13a17b -> 
  custom:container-demuxer-webm: 4f35f7cbe854078d1ac9338744f61a02 -> 
  custom:video-encoder-webm-vp8: eb34c28f22e8b96e1ab97ce403110664 -> 
  custom:audio-encoder-webm-vorbis: bf7c407c2cedff20999df2af8eb42d56 -> 
  custom:framework-win-MediaFoundation: 216162199b28c13a410421893ffa2e32 -> 
  custom:container-demuxer-ogg: 62fdf1f143b41e24485cea50d1cbac27 -> 
  custom:video-decoder-webm-vp8: 9c59270c3fd7afecdb556c50c9e8de78 -> 
  custom:audio-decoder-ogg-vorbis: bf7c407c2cedff20999df2af8eb42d56 -> 
========================================================================
Received Prepare
Registering precompiled user dll's ...
Registered in 0.003000 seconds.
Begin MonoManager ReloadAssembly
Symbol file LoadedFromMemory doesn't match image C:\Users\SGA\Desktop\Unity3D_FPSPrototype\Unity3D_FPS\Library\PackageCache\com.unity.visualscripting@1.8.0\Editor\VisualScripting.Core\Dependencies\YamlDotNet\Unity.VisualScripting.YamlDotNet.dll
Symbol file LoadedFromMemory doesn't match image C:\Users\SGA\Desktop\Unity3D_FPSPrototype\Unity3D_FPS\Library\PackageCache\com.unity.visualscripting@1.8.0\Editor\VisualScripting.Core\Dependencies\DotNetZip\Unity.VisualScripting.IonicZip.dll
Native extension for WindowsStandalone target not found
Native extension for WebGL target not found
Refreshing native plugins compatible for Editor in 0.44 ms, found 3 plugins.
Preloading 0 native plugins for Editor in 0.00 ms.
Mono: successfully reloaded assembly
- Completed reload, in  0.638 seconds
Domain Reload Profiling:
	ReloadAssembly (639ms)
		BeginReloadAssembly (88ms)
			ExecutionOrderSort (0ms)
			DisableScriptedObjects (3ms)
			BackupInstance (0ms)
			ReleaseScriptingObjects (0ms)
			CreateAndSetChildDomain (22ms)
		EndReloadAssembly (486ms)
			LoadAssemblies (49ms)
			RebuildTransferFunctionScriptingTraits (0ms)
			SetupTypeCache (168ms)
			ReleaseScriptCaches (1ms)
			RebuildScriptCaches (26ms)
			SetupLoadedEditorAssemblies (211ms)
				LogAssemblyErrors (0ms)
				InitializePlatformSupportModulesInManaged (10ms)
				SetLoadedEditorAssemblies (0ms)
				RefreshPlugins (0ms)
				BeforeProcessingInitializeOnLoad (45ms)
				ProcessInitializeOnLoadAttributes (139ms)
				ProcessInitializeOnLoadMethodAttributes (12ms)
				AfterProcessingInitializeOnLoad (5ms)
				EditorAssembliesLoaded (0ms)
			ExecutionOrderSort2 (0ms)
			AwakeInstancesAfterBackupRestoration (4ms)
Platform modules already initialized, skipping
Refreshing native plugins compatible for Editor in 1.22 ms, found 3 plugins.
Preloading 0 native plugins for Editor in 0.00 ms.
Unloading 3255 Unused Serialized files (Serialized files now loaded: 0)
Unloading 29 unused Assets / (1.3 MB). Loaded Objects now: 3868.
Memory consumption went from 130.3 MB to 129.0 MB.
Total: 2.142400 ms (FindLiveObjects: 0.181900 ms CreateObjectMapping: 0.073400 ms MarkObjects: 1.683700 ms  DeleteObjects: 0.202600 ms)

AssetImportParameters requested are different than current active one (requested -> active):
  custom:video-decoder-ogg-theora: a1e56fd34408186e4bbccfd4996cb3dc -> 
  custom:container-muxer-webm: aa71ff27fc2769a1b78a27578f13a17b -> 
  custom:container-demuxer-webm: 4f35f7cbe854078d1ac9338744f61a02 -> 
  custom:video-encoder-webm-vp8: eb34c28f22e8b96e1ab97ce403110664 -> 
  custom:audio-encoder-webm-vorbis: bf7c407c2cedff20999df2af8eb42d56 -> 
  custom:framework-win-MediaFoundation: 216162199b28c13a410421893ffa2e32 -> 
  custom:container-demuxer-ogg: 62fdf1f143b41e24485cea50d1cbac27 -> 
  custom:video-decoder-webm-vp8: 9c59270c3fd7afecdb556c50c9e8de78 -> 
  custom:audio-decoder-ogg-vorbis: bf7c407c2cedff20999df2af8eb42d56 -> 
========================================================================
Received Prepare
Registering precompiled user dll's ...
Registered in 0.003127 seconds.
Begin MonoManager ReloadAssembly
Symbol file LoadedFromMemory doesn't match image C:\Users\SGA\Desktop\Unity3D_FPSPrototype\Unity3D_FPS\Library\PackageCache\com.unity.visualscripting@1.8.0\Editor\VisualScripting.Core\Dependencies\YamlDotNet\Unity.VisualScripting.YamlDotNet.dll
Symbol file LoadedFromMemory doesn't match image C:\Users\SGA\Desktop\Unity3D_FPSPrototype\Unity3D_FPS\Library\PackageCache\com.unity.visualscripting@1.8.0\Editor\VisualScripting.Core\Dependencies\DotNetZip\Unity.VisualScripting.IonicZip.dll
Native extension for WindowsStandalone target not found
Native extension for WebGL target not found
Refreshing native plugins compatible for Editor in 0.44 ms, found 3 plugins.
Preloading 0 native plugins for Editor in 0.00 ms.
Mono: successfully reloaded assembly
- Completed reload, in  0.662 seconds
Domain Reload Profiling:
	ReloadAssembly (663ms)
		BeginReloadAssembly (91ms)
			ExecutionOrderSort (0ms)
			DisableScriptedObjects (4ms)
			BackupInstance (0ms)
			ReleaseScriptingObjects (0ms)
			CreateAndSetChildDomain (23ms)
		EndReloadAssembly (507ms)
			LoadAssemblies (49ms)
			RebuildTransferFunctionScriptingTraits (0ms)
			SetupTypeCache (168ms)
			ReleaseScriptCaches (1ms)
			RebuildScriptCaches (28ms)
			SetupLoadedEditorAssemblies (224ms)
				LogAssemblyErrors (0ms)
				InitializePlatformSupportModulesInManaged (10ms)
				SetLoadedEditorAssemblies (0ms)
				RefreshPlugins (0ms)
				BeforeProcessingInitializeOnLoad (44ms)
				ProcessInitializeOnLoadAttributes (148ms)
				ProcessInitializeOnLoadMethodAttributes (16ms)
				AfterProcessingInitializeOnLoad (6ms)
				EditorAssembliesLoaded (0ms)
			ExecutionOrderSort2 (0ms)
			AwakeInstancesAfterBackupRestoration (6ms)
Platform modules already initialized, skipping
Refreshing native plugins compatible for Editor in 1.21 ms, found 3 plugins.
Preloading 0 native plugins for Editor in 0.00 ms.
Unloading 3255 Unused Serialized files (Serialized files now loaded: 0)
Unloading 29 unused Assets / (1.3 MB). Loaded Objects now: 3871.
Memory consumption went from 130.2 MB to 128.9 MB.
Total: 2.408400 ms (FindLiveObjects: 0.187800 ms CreateObjectMapping: 0.087500 ms MarkObjects: 1.914900 ms  DeleteObjects: 0.217000 ms)

AssetImportParameters requested are different than current active one (requested -> active):
  custom:video-decoder-ogg-theora: a1e56fd34408186e4bbccfd4996cb3dc -> 
  custom:container-muxer-webm: aa71ff27fc2769a1b78a27578f13a17b -> 
  custom:container-demuxer-webm: 4f35f7cbe854078d1ac9338744f61a02 -> 
  custom:video-encoder-webm-vp8: eb34c28f22e8b96e1ab97ce403110664 -> 
  custom:audio-encoder-webm-vorbis: bf7c407c2cedff20999df2af8eb42d56 -> 
  custom:framework-win-MediaFoundation: 216162199b28c13a410421893ffa2e32 -> 
  custom:container-demuxer-ogg: 62fdf1f143b41e24485cea50d1cbac27 -> 
  custom:video-decoder-webm-vp8: 9c59270c3fd7afecdb556c50c9e8de78 -> 
  custom:audio-decoder-ogg-vorbis: bf7c407c2cedff20999df2af8eb42d56 -> 
========================================================================
Received Prepare
Registering precompiled user dll's ...
Registered in 0.002943 seconds.
Begin MonoManager ReloadAssembly
Symbol file LoadedFromMemory doesn't match image C:\Users\SGA\Desktop\Unity3D_FPSPrototype\Unity3D_FPS\Library\PackageCache\com.unity.visualscripting@1.8.0\Editor\VisualScripting.Core\Dependencies\YamlDotNet\Unity.VisualScripting.YamlDotNet.dll
Symbol file LoadedFromMemory doesn't match image C:\Users\SGA\Desktop\Unity3D_FPSPrototype\Unity3D_FPS\Library\PackageCache\com.unity.visualscripting@1.8.0\Editor\VisualScripting.Core\Dependencies\DotNetZip\Unity.VisualScripting.IonicZip.dll
Native extension for WindowsStandalone target not found
Native extension for WebGL target not found
Refreshing native plugins compatible for Editor in 0.41 ms, found 3 plugins.
Preloading 0 native plugins for Editor in 0.00 ms.
Mono: successfully reloaded assembly
- Completed reload, in  0.664 seconds
Domain Reload Profiling:
	ReloadAssembly (665ms)
		BeginReloadAssembly (90ms)
			ExecutionOrderSort (0ms)
			DisableScriptedObjects (4ms)
			BackupInstance (0ms)
			ReleaseScriptingObjects (0ms)
			CreateAndSetChildDomain (22ms)
		EndReloadAssembly (504ms)
			LoadAssemblies (51ms)
			RebuildTransferFunctionScriptingTraits (0ms)
			SetupTypeCache (164ms)
			ReleaseScriptCaches (1ms)
			RebuildScriptCaches (28ms)
			SetupLoadedEditorAssemblies (227ms)
				LogAssemblyErrors (0ms)
				InitializePlatformSupportModulesInManaged (10ms)
				SetLoadedEditorAssemblies (0ms)
				RefreshPlugins (0ms)
				BeforeProcessingInitializeOnLoad (45ms)
				ProcessInitializeOnLoadAttributes (156ms)
				ProcessInitializeOnLoadMethodAttributes (12ms)
				AfterProcessingInitializeOnLoad (5ms)
				EditorAssembliesLoaded (0ms)
			ExecutionOrderSort2 (0ms)
			AwakeInstancesAfterBackupRestoration (5ms)
Platform modules already initialized, skipping
Refreshing native plugins compatible for Editor in 1.32 ms, found 3 plugins.
Preloading 0 native plugins for Editor in 0.00 ms.
Unloading 3255 Unused Serialized files (Serialized files now loaded: 0)
Unloading 29 unused Assets / (1.3 MB). Loaded Objects now: 3874.
Memory consumption went from 130.2 MB to 128.9 MB.
Total: 2.561000 ms (FindLiveObjects: 0.202300 ms CreateObjectMapping: 0.115900 ms MarkObjects: 2.027700 ms  DeleteObjects: 0.214300 ms)

AssetImportParameters requested are different than current active one (requested -> active):
  custom:video-decoder-ogg-theora: a1e56fd34408186e4bbccfd4996cb3dc -> 
  custom:container-muxer-webm: aa71ff27fc2769a1b78a27578f13a17b -> 
  custom:container-demuxer-webm: 4f35f7cbe854078d1ac9338744f61a02 -> 
  custom:video-encoder-webm-vp8: eb34c28f22e8b96e1ab97ce403110664 -> 
  custom:audio-encoder-webm-vorbis: bf7c407c2cedff20999df2af8eb42d56 -> 
  custom:framework-win-MediaFoundation: 216162199b28c13a410421893ffa2e32 -> 
  custom:container-demuxer-ogg: 62fdf1f143b41e24485cea50d1cbac27 -> 
  custom:video-decoder-webm-vp8: 9c59270c3fd7afecdb556c50c9e8de78 -> 
  custom:audio-decoder-ogg-vorbis: bf7c407c2cedff20999df2af8eb42d56 -> 
